2023-10-30 16:12:39,808 [INFO] Activator:176 - 


2023-10-30 16:12:39,809 [INFO] Activator:177 - !SESSION log4j initialized
2023-10-30 16:12:42,231 [INFO] LogOutputStream:77 - [STDOUT_REDIRECT] 
2023-10-30 16:12:43,422 [INFO] McuFinderGlobals:63 - Set McuFinder mode to 2 (CubeIDE integrated)
2023-10-30 16:12:45,169 [INFO] ApplicationProperties:184 - Using Application install path: C:\ST\STM32CubeIDE_1.13.0\STM32CubeIDE\plugins\com.st.stm32cube.common.mx_6.9.0.202307051724
2023-10-30 16:12:45,193 [INFO] DbMcusXml:78 - Set database path to: C:\ST\STM32CubeIDE_1.13.0\STM32CubeIDE\plugins\com.st.stm32cube.common.mx_6.9.0.202307051724\\db\/mcu/
2023-10-30 16:12:45,194 [INFO] ApiDb:274 - Set plugin database path to: C:\ST\STM32CubeIDE_1.13.0\STM32CubeIDE\plugins\com.st.stm32cube.common.mx_6.9.0.202307051724\\db\/plugins/boardmanager/
2023-10-30 16:12:45,196 [WARN] ApiDb:259 - Overriding images path with different value:  => C:\ST\STM32CubeIDE_1.13.0\STM32CubeIDE\plugins\com.st.stm32cube.common.mx_6.9.0.202307051724\\db\/plugins/mcufinder/images/
2023-10-30 16:12:45,213 [INFO] ApiDb:250 - Set database path to: C:\Users\Bae\.stmcufinder\plugins\mcufinder//mcu/
2023-10-30 16:12:45,214 [INFO] DbMcusAds:125 - Set database path to: C:\Users\Bae\.stmcufinder\plugins\mcufinder//mcu/
2023-10-30 16:12:45,217 [INFO] CrossReferenceDbSqlite:203 - Set database path to: C:\Users\Bae\.stmcufinder\plugins\mcufinder//mcu/cs/
2023-10-30 16:12:45,365 [INFO] RulesReader:64 - Compatibility file has been processed (293 Rules)
2023-10-30 16:12:45,477 [INFO] DbMcusXml:78 - Set database path to: C:\ST\STM32CubeIDE_1.13.0\STM32CubeIDE\plugins\com.st.stm32cube.common.mx_6.9.0.202307051724\\db\/mcu/
2023-10-30 16:12:45,478 [INFO] ApiDb:274 - Set plugin database path to: C:\ST\STM32CubeIDE_1.13.0\STM32CubeIDE\plugins\com.st.stm32cube.common.mx_6.9.0.202307051724\\db\/plugins/boardmanager/
2023-10-30 16:12:45,478 [INFO] ApiDb:261 - Set plugin images path to: C:\ST\STM32CubeIDE_1.13.0\STM32CubeIDE\plugins\com.st.stm32cube.common.mx_6.9.0.202307051724\\db\/plugins/mcufinder/images/
2023-10-30 16:12:45,478 [WARN] DbFile:41 - Overriding database path with different value: C:\Users\Bae\.stmcufinder\plugins\mcufinder/ => C:\Users\Bae\.stmcufinder\plugins\mcufinder
2023-10-30 16:12:45,478 [INFO] ApiDb:250 - Set database path to: C:\Users\Bae\.stmcufinder\plugins\mcufinder//mcu/
2023-10-30 16:12:45,479 [WARN] DbFile:41 - Overriding database path with different value: C:\Users\Bae\.stmcufinder\plugins\mcufinder/ => C:\Users\Bae\.stmcufinder\plugins\mcufinder
2023-10-30 16:12:45,479 [INFO] DbMcusAds:125 - Set database path to: C:\Users\Bae\.stmcufinder\plugins\mcufinder//mcu/
2023-10-30 16:12:45,479 [WARN] DbFile:41 - Overriding database path with different value: C:\Users\Bae\.stmcufinder\plugins\mcufinder/ => C:\Users\Bae\.stmcufinder\plugins\mcufinder
2023-10-30 16:12:45,479 [WARN] DbFile:41 - Overriding database path with different value: C:\Users\Bae\.stmcufinder\plugins\mcufinder/ => C:\Users\Bae\.stmcufinder\plugins\mcufinder
2023-10-30 16:12:45,479 [INFO] CrossReferenceDbSqlite:203 - Set database path to: C:\Users\Bae\.stmcufinder\plugins\mcufinder//mcu/cs/
2023-10-30 16:12:45,581 [INFO] MainPanel:262 - HeapMemory: 268435456
2023-10-30 16:12:45,674 [INFO] DbMcusXml:78 - Set database path to: C:\ST\STM32CubeIDE_1.13.0\STM32CubeIDE\plugins\com.st.stm32cube.common.mx_6.9.0.202307051724\\db\/mcu/
2023-10-30 16:12:45,675 [INFO] ApiDb:274 - Set plugin database path to: C:\ST\STM32CubeIDE_1.13.0\STM32CubeIDE\plugins\com.st.stm32cube.common.mx_6.9.0.202307051724\\db\/plugins/boardmanager/
2023-10-30 16:12:45,675 [INFO] ApiDb:261 - Set plugin images path to: C:\ST\STM32CubeIDE_1.13.0\STM32CubeIDE\plugins\com.st.stm32cube.common.mx_6.9.0.202307051724\\db\/plugins/mcufinder/images/
2023-10-30 16:12:45,675 [WARN] DbFile:41 - Overriding database path with different value: C:\Users\Bae\.stmcufinder\plugins\mcufinder/ => C:\Users\Bae\.stmcufinder\plugins\mcufinder
2023-10-30 16:12:45,675 [INFO] ApiDb:250 - Set database path to: C:\Users\Bae\.stmcufinder\plugins\mcufinder//mcu/
2023-10-30 16:12:45,675 [WARN] DbFile:41 - Overriding database path with different value: C:\Users\Bae\.stmcufinder\plugins\mcufinder/ => C:\Users\Bae\.stmcufinder\plugins\mcufinder
2023-10-30 16:12:45,675 [INFO] DbMcusAds:125 - Set database path to: C:\Users\Bae\.stmcufinder\plugins\mcufinder//mcu/
2023-10-30 16:12:45,675 [WARN] DbFile:41 - Overriding database path with different value: C:\Users\Bae\.stmcufinder\plugins\mcufinder/ => C:\Users\Bae\.stmcufinder\plugins\mcufinder
2023-10-30 16:12:45,676 [WARN] DbFile:41 - Overriding database path with different value: C:\Users\Bae\.stmcufinder\plugins\mcufinder/ => C:\Users\Bae\.stmcufinder\plugins\mcufinder
2023-10-30 16:12:45,676 [INFO] CrossReferenceDbSqlite:203 - Set database path to: C:\Users\Bae\.stmcufinder\plugins\mcufinder//mcu/cs/
2023-10-30 16:12:45,696 [INFO] ApplicationProperties:184 - Using Application install path: C:\ST\STM32CubeIDE_1.13.0\STM32CubeIDE\plugins\com.st.stm32cube.common.mx_6.9.0.202307051724
2023-10-30 16:12:45,697 [INFO] PluginManage:196 - Search for loadable plugins [exclusion list=, ]
2023-10-30 16:12:45,698 [INFO] PluginManage:310 - Check plugin analytics
2023-10-30 16:12:45,893 [INFO] AnalyticsPlugin:253 - Accepted Software Licenses: 
2023-10-30 16:12:45,894 [INFO] AnalyticsPlugin:255 - Accepted CMSIS Pack Licenses: 
2023-10-30 16:12:45,894 [INFO] AnalyticsPlugin:257 - Accepted Firmware Licenses: 
2023-10-30 16:12:45,898 [INFO] PluginManage:359 - Loaded plugin analytics (category:tool,tabindex:-1)
2023-10-30 16:12:45,898 [INFO] PluginManage:310 - Check plugin cadmodel
2023-10-30 16:12:45,905 [INFO] CADModel:105 - Init CAD model plugin
2023-10-30 16:12:45,906 [INFO] PluginManage:359 - Loaded plugin cadmodel (category:power,tabindex:5)
2023-10-30 16:12:45,906 [INFO] PluginManage:310 - Check plugin clock
2023-10-30 16:12:45,920 [INFO] PluginManage:359 - Loaded plugin clock (category:base,tabindex:2)
2023-10-30 16:12:45,920 [INFO] PluginManage:310 - Check plugin ddr
2023-10-30 16:12:45,923 [INFO] PluginManage:359 - Loaded plugin ddr (category:tool,tabindex:6)
2023-10-30 16:12:45,924 [INFO] PluginManage:310 - Check plugin filemanager
2023-10-30 16:12:46,077 [INFO] PluginManage:359 - Loaded plugin filemanager (category:base,tabindex:10)
2023-10-30 16:12:46,077 [INFO] PluginManage:310 - Check plugin ipmanager
2023-10-30 16:12:46,086 [INFO] PluginManage:359 - Loaded plugin ipmanager (category:base,tabindex:5)
2023-10-30 16:12:46,086 [INFO] PluginManage:310 - Check plugin lpbam
2023-10-30 16:12:46,098 [INFO] PluginManage:359 - Loaded plugin lpbam (category:base,tabindex:0)
2023-10-30 16:12:46,098 [INFO] PluginManage:310 - Check plugin memorymap
2023-10-30 16:12:46,116 [INFO] PluginManage:359 - Loaded plugin memorymap (category:base,tabindex:4)
2023-10-30 16:12:46,116 [INFO] PluginManage:310 - Check plugin pinoutandconfiguration
2023-10-30 16:12:46,130 [INFO] PluginManage:359 - Loaded plugin pinoutandconfiguration (category:base,tabindex:1)
2023-10-30 16:12:46,130 [INFO] PluginManage:310 - Check plugin pinoutconfig
2023-10-30 16:12:46,244 [WARN] SupportedApi:132 - Cannot load RTOS API schema: s4s-elt-must-match.1: The content of 'definitions' must match (annotation?, (simpleType | complexType)?, (unique | key | keyref)*)). A problem was found starting at: attribute.
2023-10-30 16:12:46,389 [INFO] PluginManage:359 - Loaded plugin pinoutconfig (category:base,tabindex:0)
2023-10-30 16:12:46,389 [INFO] PluginManage:310 - Check plugin power
2023-10-30 16:12:46,403 [INFO] PluginManage:359 - Loaded plugin power (category:power,tabindex:4)
2023-10-30 16:12:46,403 [INFO] PluginManage:310 - Check plugin projectmanager
2023-10-30 16:12:46,418 [INFO] PluginManage:359 - Loaded plugin projectmanager (category:projectmanager,tabindex:3)
2023-10-30 16:12:46,418 [INFO] PluginManage:310 - Check plugin thirdparty
2023-10-30 16:12:46,576 [INFO] PluginManage:359 - Loaded plugin thirdparty (category:base,tabindex:-1)
2023-10-30 16:12:46,576 [WARN] IntegrityCheckThread:84 - waiting for thirdparty lock release [integrity check]
2023-10-30 16:12:46,576 [INFO] PluginManage:310 - Check plugin tools
2023-10-30 16:12:46,576 [INFO] IntegrityCheckThread:86 - entering critical section [integrity check]
2023-10-30 16:12:46,577 [INFO] ThirdPartyUpdaterWithRetryManager:70 - Updater plugin not ready yet. [1/15]
2023-10-30 16:12:46,581 [INFO] PluginManage:359 - Loaded plugin tools (category:base,tabindex:7)
2023-10-30 16:12:46,581 [INFO] PluginManage:310 - Check plugin tutovideos
2023-10-30 16:12:46,767 [INFO] PluginManage:359 - Loaded plugin tutovideos (category:base,tabindex:-1)
2023-10-30 16:12:46,768 [INFO] PluginManage:310 - Check plugin updater
2023-10-30 16:12:46,782 [INFO] PluginManage:359 - Loaded plugin updater (category:base,tabindex:12)
2023-10-30 16:12:46,782 [INFO] PluginManage:310 - Check plugin userauth
2023-10-30 16:12:46,789 [INFO] UserAuth:113 - Init User Auth plugin
2023-10-30 16:12:46,789 [INFO] PluginManage:359 - Loaded plugin userauth (category:base,tabindex:14)
2023-10-30 16:12:46,790 [INFO] PluginManage:283 - PluginManage : Loaded plugins [17]
2023-10-30 16:12:47,025 [INFO] PinOutPanel:1499 - setPackage(No Configuration,No Configuration)
2023-10-30 16:12:47,185 [INFO] CADModel:165 - CPN selected for project level
2023-10-30 16:12:47,185 [INFO] CADModel:114 - Register for checkConnection events
2023-10-30 16:12:47,208 [INFO] IPUIPlugin:80 - create IPUIPlugin
2023-10-30 16:12:47,208 [INFO] PluginManager:220 - loadIPPluginJar : add adc
2023-10-30 16:12:47,212 [INFO] IPUIPlugin:80 - create IPUIPlugin
2023-10-30 16:12:47,212 [INFO] PluginManager:220 - loadIPPluginJar : add aes
2023-10-30 16:12:47,217 [INFO] IPUIPlugin:80 - create IPUIPlugin
2023-10-30 16:12:47,217 [INFO] PluginManager:220 - loadIPPluginJar : add can
2023-10-30 16:12:47,220 [INFO] IPUIPlugin:80 - create IPUIPlugin
2023-10-30 16:12:47,220 [INFO] PluginManager:220 - loadIPPluginJar : add comp
2023-10-30 16:12:47,224 [INFO] IPUIPlugin:80 - create IPUIPlugin
2023-10-30 16:12:47,224 [INFO] PluginManager:220 - loadIPPluginJar : add cryp
2023-10-30 16:12:47,227 [INFO] IPUIPlugin:80 - create IPUIPlugin
2023-10-30 16:12:47,227 [INFO] PluginManager:220 - loadIPPluginJar : add dfsdm
2023-10-30 16:12:47,234 [INFO] IPUIPlugin:80 - create IPUIPlugin
2023-10-30 16:12:47,235 [INFO] PluginManager:220 - loadIPPluginJar : add dma
2023-10-30 16:12:47,239 [INFO] IPUIPlugin:80 - create IPUIPlugin
2023-10-30 16:12:47,239 [INFO] PluginManager:220 - loadIPPluginJar : add dma3
2023-10-30 16:12:47,240 [INFO] IPUIPlugin:80 - create IPUIPlugin
2023-10-30 16:12:47,240 [INFO] PluginManager:220 - loadIPPluginJar : add fatfs
2023-10-30 16:12:47,246 [INFO] IPUIPlugin:80 - create IPUIPlugin
2023-10-30 16:12:47,247 [INFO] PluginManager:220 - loadIPPluginJar : add fmc
2023-10-30 16:12:47,253 [INFO] IPUIPlugin:80 - create IPUIPlugin
2023-10-30 16:12:47,253 [INFO] PluginManager:220 - loadIPPluginJar : add freertos
2023-10-30 16:12:47,256 [INFO] IPUIPlugin:80 - create IPUIPlugin
2023-10-30 16:12:47,256 [INFO] PluginManager:220 - loadIPPluginJar : add genericplugin
2023-10-30 16:12:47,259 [INFO] IPUIPlugin:80 - create IPUIPlugin
2023-10-30 16:12:47,259 [INFO] PluginManager:220 - loadIPPluginJar : add gfxmmu
2023-10-30 16:12:47,265 [INFO] IPUIPlugin:80 - create IPUIPlugin
2023-10-30 16:12:47,265 [INFO] PluginManager:220 - loadIPPluginJar : add gic
2023-10-30 16:12:47,272 [INFO] IPUIPlugin:80 - create IPUIPlugin
2023-10-30 16:12:47,273 [INFO] PluginManager:220 - loadIPPluginJar : add gpio
2023-10-30 16:12:47,277 [INFO] IPUIPlugin:80 - create IPUIPlugin
2023-10-30 16:12:47,277 [INFO] PluginManager:220 - loadIPPluginJar : add gtzc
2023-10-30 16:12:47,281 [INFO] IPUIPlugin:80 - create IPUIPlugin
2023-10-30 16:12:47,281 [INFO] PluginManager:220 - loadIPPluginJar : add hash
2023-10-30 16:12:47,284 [INFO] IPUIPlugin:80 - create IPUIPlugin
2023-10-30 16:12:47,284 [INFO] PluginManager:220 - loadIPPluginJar : add i2c
2023-10-30 16:12:47,288 [INFO] IPUIPlugin:80 - create IPUIPlugin
2023-10-30 16:12:47,289 [INFO] PluginManager:220 - loadIPPluginJar : add i2s
2023-10-30 16:12:47,293 [INFO] IPUIPlugin:80 - create IPUIPlugin
2023-10-30 16:12:47,293 [INFO] PluginManager:220 - loadIPPluginJar : add i3c
2023-10-30 16:12:47,298 [INFO] IPUIPlugin:80 - create IPUIPlugin
2023-10-30 16:12:47,298 [INFO] PluginManager:220 - loadIPPluginJar : add ipddr
2023-10-30 16:12:47,309 [INFO] IPUIPlugin:80 - create IPUIPlugin
2023-10-30 16:12:47,309 [INFO] PluginManager:220 - loadIPPluginJar : add linkedlist
2023-10-30 16:12:47,314 [INFO] IPUIPlugin:80 - create IPUIPlugin
2023-10-30 16:12:47,314 [INFO] PluginManager:220 - loadIPPluginJar : add lorawan
2023-10-30 16:12:47,316 [INFO] IPUIPlugin:80 - create IPUIPlugin
2023-10-30 16:12:47,316 [INFO] PluginManager:220 - loadIPPluginJar : add ltdc
2023-10-30 16:12:47,324 [INFO] IPUIPlugin:80 - create IPUIPlugin
2023-10-30 16:12:47,324 [INFO] PluginManager:220 - loadIPPluginJar : add mdma
2023-10-30 16:12:47,329 [INFO] IPUIPlugin:80 - create IPUIPlugin
2023-10-30 16:12:47,329 [INFO] PluginManager:220 - loadIPPluginJar : add nvic
2023-10-30 16:12:47,333 [INFO] IPUIPlugin:80 - create IPUIPlugin
2023-10-30 16:12:47,333 [INFO] PluginManager:220 - loadIPPluginJar : add opamp
2023-10-30 16:12:47,337 [INFO] IPUIPlugin:80 - create IPUIPlugin
2023-10-30 16:12:47,337 [INFO] PluginManager:220 - loadIPPluginJar : add openamp
2023-10-30 16:12:47,341 [INFO] IPUIPlugin:80 - create IPUIPlugin
2023-10-30 16:12:47,341 [INFO] PluginManager:220 - loadIPPluginJar : add pdm2pcm
2023-10-30 16:12:47,350 [INFO] IPUIPlugin:80 - create IPUIPlugin
2023-10-30 16:12:47,353 [INFO] PluginManager:220 - loadIPPluginJar : add plateformsettings
2023-10-30 16:12:47,356 [INFO] IPUIPlugin:80 - create IPUIPlugin
2023-10-30 16:12:47,356 [INFO] PluginManager:220 - loadIPPluginJar : add quadspi
2023-10-30 16:12:47,362 [INFO] IPUIPlugin:80 - create IPUIPlugin
2023-10-30 16:12:47,362 [INFO] PluginManager:220 - loadIPPluginJar : add resmgrutility
2023-10-30 16:12:47,365 [INFO] IPUIPlugin:80 - create IPUIPlugin
2023-10-30 16:12:47,366 [INFO] PluginManager:220 - loadIPPluginJar : add sai
2023-10-30 16:12:47,368 [INFO] IPUIPlugin:80 - create IPUIPlugin
2023-10-30 16:12:47,369 [INFO] PluginManager:220 - loadIPPluginJar : add spi
2023-10-30 16:12:47,373 [INFO] IPUIPlugin:80 - create IPUIPlugin
2023-10-30 16:12:47,373 [INFO] PluginManager:220 - loadIPPluginJar : add stm32_wpan
2023-10-30 16:12:47,376 [INFO] IPUIPlugin:80 - create IPUIPlugin
2023-10-30 16:12:47,376 [INFO] PluginManager:220 - loadIPPluginJar : add tim
2023-10-30 16:12:47,379 [INFO] IPUIPlugin:80 - create IPUIPlugin
2023-10-30 16:12:47,379 [INFO] PluginManager:220 - loadIPPluginJar : add touchsensing
2023-10-30 16:12:47,382 [INFO] IPUIPlugin:80 - create IPUIPlugin
2023-10-30 16:12:47,382 [INFO] PluginManager:220 - loadIPPluginJar : add tracer_emb
2023-10-30 16:12:47,385 [INFO] IPUIPlugin:80 - create IPUIPlugin
2023-10-30 16:12:47,385 [INFO] PluginManager:220 - loadIPPluginJar : add ts
2023-10-30 16:12:47,387 [INFO] IPUIPlugin:80 - create IPUIPlugin
2023-10-30 16:12:47,387 [INFO] PluginManager:220 - loadIPPluginJar : add tsc
2023-10-30 16:12:47,389 [INFO] IPUIPlugin:80 - create IPUIPlugin
2023-10-30 16:12:47,390 [INFO] PluginManager:220 - loadIPPluginJar : add ucpd
2023-10-30 16:12:47,394 [INFO] IPUIPlugin:80 - create IPUIPlugin
2023-10-30 16:12:47,394 [INFO] PluginManager:220 - loadIPPluginJar : add usart
2023-10-30 16:12:47,398 [INFO] IPUIPlugin:80 - create IPUIPlugin
2023-10-30 16:12:47,398 [INFO] PluginManager:220 - loadIPPluginJar : add usbx
2023-10-30 16:12:47,520 [INFO] CADModel:165 - CPN selected for project level
2023-10-30 16:12:47,520 [INFO] CADModel:114 - Register for checkConnection events
2023-10-30 16:12:47,521 [FATAL] Updater:308 - Updater called before beeing initialized
2023-10-30 16:12:47,521 [ERROR] CADModel:125 - Updater not yet initialized, retry later 
2023-10-30 16:12:47,652 [INFO] CADModel:165 - CPN selected for project level
2023-10-30 16:12:47,652 [INFO] CADModel:114 - Register for checkConnection events
2023-10-30 16:12:47,652 [FATAL] Updater:308 - Updater called before beeing initialized
2023-10-30 16:12:47,652 [ERROR] CADModel:125 - Updater not yet initialized, retry later 
2023-10-30 16:12:47,656 [FATAL] Updater:308 - Updater called before beeing initialized
2023-10-30 16:12:47,776 [FATAL] Updater:308 - Updater called before beeing initialized
2023-10-30 16:12:47,782 [INFO] DbMcusAds:53 - JSON generation date=Tue Mar 07 17:50:55 KST 2023 (1678179055114)
2023-10-30 16:12:47,782 [FATAL] Updater:308 - Updater called before beeing initialized
2023-10-30 16:12:47,828 [WARN] DetailPanel:346 - Failed to get advertising image, set to default
2023-10-30 16:12:47,904 [FATAL] Updater:308 - Updater called before beeing initialized
2023-10-30 16:12:47,907 [FATAL] Updater:308 - Updater called before beeing initialized
2023-10-30 16:12:47,907 [FATAL] Updater:308 - Updater called before beeing initialized
2023-10-30 16:12:47,907 [WARN] DetailPanel:346 - Failed to get advertising image, set to default
2023-10-30 16:12:47,908 [FATAL] Updater:308 - Updater called before beeing initialized
2023-10-30 16:12:47,968 [ERROR] Updater:1120 - MainUpdater not yet initialized. External WinMGr cannot be set.
2023-10-30 16:12:47,970 [INFO] Updater:1056 - Updater Version found : 6.9.0
2023-10-30 16:12:47,994 [INFO] ApplicationProperties:184 - Using Application install path: C:\ST\STM32CubeIDE_1.13.0\STM32CubeIDE\plugins\com.st.stm32cube.common.mx_6.9.0.202307051724
2023-10-30 16:12:48,247 [INFO] MainUpdater:2868 - connection check result : 10
2023-10-30 16:12:48,248 [INFO] MainUpdater:285 - Updater Check For Update Now.
2023-10-30 16:12:48,248 [INFO] MicroXplorer:498 - Change Database Version : DB.6.0.90
2023-10-30 16:12:48,257 [INFO] McuFinderGlobals:63 - Set McuFinder mode to 2 (CubeIDE integrated)
2023-10-30 16:12:48,499 [INFO] CheckServerUpdateThread:120 - End of CheckServer Thread
2023-10-30 16:12:48,664 [INFO] MainUpdater:2868 - connection check result : 10
2023-10-30 16:12:49,229 [INFO] ApiDb:581 - Connected to CubeFinder SQLite database (C:\Users\Bae\.stmcufinder\plugins\mcufinder\mcu\cube-finder-db.db)
2023-10-30 16:12:49,323 [INFO] ApiDb:668 - CubeFinder database Data Model version=2.1
2023-10-30 16:12:49,323 [INFO] ApiDb:669 - CubeFinder database Configuration version=3.0.37
2023-10-30 16:12:49,323 [INFO] ApiDb:670 - CubeFinder database generation date=2023-10-13 (1697197505)
2023-10-30 16:12:49,323 [INFO] ApiDb:671 - CubeFinder database FW Pack versions=[FP-ATR-ASTRA1_V2.0.0, FP-SNS-FLIGHT1_V5.0.1, FP-SNS-FLIGHT1_V5.0.2, FP-SNS-MOTENV1_V4.3.1, FP-SNS-MOTENV1_V4.3.2, FP-SNS-SMARTAG2_V1.2.0, I-CUBE-ITTIADB_V8.6.3-1, STM32Cube_FW_C0_V1.1.0, STM32Cube_FW_F4_V1.27.1, STM32Cube_FW_F7_V1.17.0, STM32Cube_FW_G0_V1.6.1, STM32Cube_FW_G4_V1.5.1, STM32Cube_FW_H5_V0.5.1, STM32Cube_FW_H5_V1.1.1, STM32Cube_FW_H7_V1.11.0, STM32Cube_FW_L0_V1.12.2, STM32Cube_FW_L5_V1.5.0, STM32Cube_FW_U5_V1.3.0, STM32Cube_FW_U5_V1.3.0RC4, STM32Cube_FW_WBA_V1.0.0RC1, STM32Cube_FW_WBA_V1.1.0RC1, STM32Cube_FW_WBA_V1.1.1, STM32Cube_FW_WB_V1.15.0RC1, STM32Cube_FW_WB_V1.16.0, STM32Cube_FW_WB_V1.16.0RC2, STM32Cube_FW_WB_V1.17.3, STM32Cube_FW_WL_V1.3.0, X-CUBE-ALGOBUILD_V1.3.0, X-CUBE-ALS_V1.0.1, X-CUBE-AZRTOS-F4_V1.1.0, X-CUBE-AZRTOS-F7_V1.1.0, X-CUBE-AZRTOS-G0_V1.1.0, X-CUBE-AZRTOS-G4_V2.0.0, X-CUBE-AZRTOS-H7_V3.1.0, X-CUBE-AZRTOS-L4_V1.0.0, X-CUBE-AZRTOS-L4_V2.0.0, X-CUBE-AZRTOS-L5_V1.1.0, X-CUBE-AZRTOS-WB_V2.0.0, X-CUBE-AZRTOS-WL_V2.0.0, X-CUBE-BLE1_V7.0.0, X-CUBE-BLE2_V3.3.0, X-CUBE-BLEMGR_V2.0.0, X-CUBE-EEPRMA1_V4.1.0, X-CUBE-FREERTOS_V1.1.0, X-CUBE-GNSS1_V6.0.0, X-CUBE-MEMS1_V10.0.0, X-CUBE-MEMS1_V9.1.0, X-CUBE-MEMS1_V9.4.0, X-CUBE-MEMS1_V9.6.0, X-CUBE-NFC4_V3.0.0, X-CUBE-NFC7_V1.0.1, X-CUBE-SFXS2LP1_V4.0.0, X-CUBE-SUBG2_V5.0.0, X-CUBE-TOF1_V3.3.1]
2023-10-30 16:12:49,466 [INFO] DbBoardsSqlite:226 - include board P-NUCLEO-WB55-NUCLEO as a kit item of type 'Nucleo-64'
2023-10-30 16:12:49,466 [INFO] DbBoardsSqlite:226 - include board P-NUCLEO-WB55-USBDONGLE as a kit item of type 'Nucleo USB Dongle'
2023-10-30 16:12:49,467 [INFO] DbBoardsSqlite:226 - include board STEVAL-IDP005V1 as a kit item of type 'Evaluation Board'
2023-10-30 16:12:49,468 [INFO] DbBoardsSqlite:226 - include board STEVAL-IDP005V2 as a kit item of type 'Evaluation Board'
2023-10-30 16:12:49,788 [WARN] PackLoader:240 - Cannot read IP mode file for STMicroelectronics.X-CUBE-SMBUS.2.1.0
2023-10-30 16:12:49,855 [WARN] PackLoader:240 - Cannot read IP mode file for STMicroelectronics.X-CUBE-AZRTOS-F7.1.1.0
2023-10-30 16:12:49,890 [WARN] PackLoader:240 - Cannot read IP mode file for STMicroelectronics.FP-SNS-MOTENV1.4.3.2
2023-10-30 16:12:49,915 [INFO] ApiDb:240 - Found 323 in-development CPN: [B-G473E-ZEST1S, B-WB1M-WPAN1, B-WL5M-SUBG1, NUCLEO-C031C6, NUCLEO-H503RB, NUCLEO-H563ZI, NUCLEO-U545RE-Q, NUCLEO-U5A5ZJ-Q, NUCLEO-WBA52CG, STEVAL-PROTEUS1, STEVAL-SMARTAG2, STEVAL-STWINBX1, STM320518-EVAL, STM32C0116-DK, STM32C011D6Y3TR, STM32C011D6Y6TR, STM32C011F4P3, STM32C011F4P6, STM32C011F4U3, STM32C011F4U6TR, STM32C011F6P3, STM32C011F6P6, STM32C011F6U3, STM32C011F6U6TR, STM32C011J4M3, STM32C011J4M6, STM32C011J6M3, STM32C011J6M6, STM32C0316-DK, STM32C031C4T3, STM32C031C4T6, STM32C031C4U3, STM32C031C4U6, STM32C031C6T3, STM32C031C6T6, STM32C031C6U3, STM32C031C6U6, STM32C031F4P3, STM32C031F4P6, STM32C031F6P3, STM32C031F6P6, STM32C031G4U3, STM32C031G4U6, STM32C031G6U3, STM32C031G6U6, STM32C031K4T3, STM32C031K4T6, STM32C031K4U3, STM32C031K4U6, STM32C031K6T3, STM32C031K6T6, STM32C031K6U3, STM32C031K6U6, STM32G071K8TXN, STM32G071K8UXN, STM32G081GBU6N, STM32G081KBT6N, STM32G081KBUXN, STM32G0B1CCT6N, STM32G0B1KCT6, STM32G0B1NEY6TR, STM32G0B1RCT6N, STM32G0C1CCT6, STM32G0C1CCT6N, STM32G0C1CCU6N, STM32G0C1CET6N, STM32G0C1CEU6N, STM32G0C1KCT6, STM32G0C1NEY6TR, STM32G0C1RCI6N, STM32G0C1RCT6N, STM32G0C1REI6N, STM32G0C1RET6N, STM32G0C1VCI6, STM32G0C1VEI6, STM32G471CCT6, STM32G471CCU6, STM32G471CET3, STM32G471CET6, STM32G471CEU3, STM32G471CEU6, STM32G471MCT6, STM32G471MET3, STM32G471MET6, STM32G471MEY6TR, STM32G471QCT6, STM32G471QET3, STM32G471RCT6, STM32G471RET3, STM32G471RET6, STM32G471VCH6, STM32G471VCI6, STM32G471VCT6, STM32G471VEH3, STM32G471VEH6, STM32G471VEI3, STM32G471VEI6, STM32G471VET3, STM32G471VET6, STM32G474CCT6, STM32H503CBT6, STM32H503CBU6, STM32H503EBY6TR, STM32H503KBU6, STM32H503RBT6, STM32H562AGI6, STM32H562AII6, STM32H562IGK6, STM32H562IGT6, STM32H562IIK6, STM32H562IIT6, STM32H562RGT6, STM32H562RGV6, STM32H562RIT6, STM32H562RIV6, STM32H562VGT6, STM32H562VIT6, STM32H562ZGT6, STM32H562ZIT6, STM32H563AGI6, STM32H563AII3Q, STM32H563AII6, STM32H563IGK6, STM32H563IGT6, STM32H563IIK3Q, STM32H563IIK6, STM32H563IIT3Q, STM32H563IIT6, STM32H563MIY3QTR, STM32H563RGT6, STM32H563RGV6, STM32H563RIT6, STM32H563RIV6, STM32H563VGT6, STM32H563VIT3Q, STM32H563VIT6, STM32H563ZGT6, STM32H563ZIT3Q, STM32H563ZIT6, STM32H573AII3Q, STM32H573AII6, STM32H573I-DK, STM32H573IIK3Q, STM32H573IIK6, STM32H573IIT3Q, STM32H573IIT6, STM32H573MIY3QTR, STM32H573RIT6, STM32H573RIV6, STM32H573VIT3Q, STM32H573VIT6, STM32H573ZIT3Q, STM32H573ZIT6, STM32L4R5QGI6STR, STM32MP131AAE3, STM32MP131AAF3, STM32MP131AAG3, STM32MP131CAE3, STM32MP131CAF3, STM32MP131CAG3, STM32MP131DAE7, STM32MP131DAF7, STM32MP131DAG7, STM32MP131FAE7, STM32MP131FAF7, STM32MP131FAG7, STM32MP133AAE3, STM32MP133AAF3, STM32MP133AAG3, STM32MP133CAE3, STM32MP133CAF3, STM32MP133CAG3, STM32MP133DAE7, STM32MP133DAF7, STM32MP133DAG7, STM32MP133FAE7, STM32MP133FAF7, STM32MP133FAG7, STM32MP135AAE3, STM32MP135AAF3, STM32MP135AAG3, STM32MP135CAE3, STM32MP135CAF3, STM32MP135CAG3, STM32MP135DAE7, STM32MP135DAF7, STM32MP135DAG7, STM32MP135F-DK, STM32MP135FAE7, STM32MP135FAF7, STM32MP135FAF7T, STM32MP135FAF7U, STM32MP135FAG7, STM32U535CBT6, STM32U535CBT6Q, STM32U535CBU6, STM32U535CBU6Q, STM32U535CCT6, STM32U535CCT6Q, STM32U535CCU6, STM32U535CCU6Q, STM32U535CET6, STM32U535CET6Q, STM32U535CEU6, STM32U535CEU6Q, STM32U535JEY6QTR, STM32U535NCY6QTR, STM32U535NEY6QTR, STM32U535RBI6, STM32U535RBI6Q, STM32U535RBT6, STM32U535RBT6Q, STM32U535RCI6, STM32U535RCI6Q, STM32U535RCT6, STM32U535RCT6Q, STM32U535REI6, STM32U535REI6Q, STM32U535RET6, STM32U535RET6Q, STM32U535VCI6, STM32U535VCI6Q, STM32U535VCT6, STM32U535VCT6Q, STM32U535VEI6, STM32U535VEI6Q, STM32U535VET6, STM32U535VET6Q, STM32U545CET6, STM32U545CET6Q, STM32U545CEU6, STM32U545CEU6Q, STM32U545JEY6QTR, STM32U545NEY6QTR, STM32U545REI6, STM32U545REI6Q, STM32U545RET6, STM32U545RET6Q, STM32U545VEI6, STM32U545VEI6Q, STM32U545VET6, STM32U545VET6Q, STM32U595AIH6, STM32U595AIH6Q, STM32U595AJH6, STM32U595AJH6Q, STM32U595QII6, STM32U595QII6Q, STM32U595QJI6, STM32U595QJI6Q, STM32U595RIT6, STM32U595RIT6Q, STM32U595RJT6, STM32U595RJT6Q, STM32U595VIT6, STM32U595VIT6Q, STM32U595VJT6, STM32U595VJT6Q, STM32U595ZIT6, STM32U595ZIT6Q, STM32U595ZIY6QTR, STM32U595ZJT6, STM32U595ZJT6Q, STM32U595ZJY6QTR, STM32U599BJY6QTR, STM32U599NIH6Q, STM32U599NJH6Q, STM32U599VIT6Q, STM32U599VJT6, STM32U599VJT6Q, STM32U599ZIT6Q, STM32U599ZIY6QTR, STM32U599ZJT6Q, STM32U599ZJY6QTR, STM32U5A5AJH6, STM32U5A5AJH6Q, STM32U5A5QJI6, STM32U5A5QJI6Q, STM32U5A5RJT6, STM32U5A5RJT6Q, STM32U5A5VJT6, STM32U5A5VJT6Q, STM32U5A5ZJT6, STM32U5A5ZJT6Q, STM32U5A5ZJY6QTR, STM32U5A9BJY6QTR, STM32U5A9J-DK, STM32U5A9NJH6Q, STM32U5A9VJT6Q, STM32U5A9ZJT6Q, STM32U5A9ZJY6QTR, STM32U5F7VIT6, STM32U5F7VIT6Q, STM32U5F7VJT6, STM32U5F7VJT6Q, STM32U5F9BJY6QTR, STM32U5F9NJH6Q, STM32U5F9VIT6Q, STM32U5F9VJT6Q, STM32U5F9ZIJ6QTR, STM32U5F9ZIT6Q, STM32U5F9ZJJ6QTR, STM32U5F9ZJT6Q, STM32U5G7VJT6, STM32U5G7VJT6Q, STM32U5G9BJY6QTR, STM32U5G9J-DK1, STM32U5G9J-DK2, STM32U5G9NJH6Q, STM32U5G9VJT6Q, STM32U5G9ZJJ6QTR, STM32U5G9ZJT6Q, STM32WB1MMCH6, STM32WBA52CEU6, STM32WBA52CEU6T, STM32WBA52CGU6, STM32WBA52CGU6T, STM32WBA52KEU6, STM32WBA52KEU6T, STM32WBA52KGU6, STM32WBA52KGU6T, STM32WL5MOCH6, STM32WL5MOCH6TR]
2023-10-30 16:12:49,918 [WARN] PackLoader:240 - Cannot read IP mode file for STMicroelectronics.X-CUBE-BLE1.6.2.4
2023-10-30 16:12:49,937 [WARN] PackLoader:240 - Cannot read IP mode file for STMicroelectronics.FP-SNS-FLIGHT1.5.0.2
2023-10-30 16:12:49,968 [WARN] PackLoader:240 - Cannot read IP mode file for STMicroelectronics.X-CUBE-DISPLAY.3.0.0
2023-10-30 16:12:50,009 [WARN] PackLoader:240 - Cannot read IP mode file for STMicroelectronics.X-CUBE-BLE1.7.0.0
2023-10-30 16:12:50,033 [WARN] PackLoader:240 - Cannot read IP mode file for emotas.I-CUBE-CANOPEN.1.3.0
2023-10-30 16:12:50,055 [WARN] PackLoader:240 - Cannot read IP mode file for STMicroelectronics.X-CUBE-TOUCHGFX.4.22.0
2023-10-30 16:12:50,070 [WARN] PackLoader:240 - Cannot read IP mode file for STMicroelectronics.X-CUBE-TOUCHGFX.4.22.1
2023-10-30 16:12:50,090 [WARN] PackLoader:240 - Cannot read IP mode file for STMicroelectronics.FP-SNS-SMARTAG2.1.2.0
2023-10-30 16:12:50,132 [INFO] LogOutputStream:77 - [STDOUT_REDIRECT] 1 : Invalid condition id : UX_CORESTACK_Condition cause : null
2023-10-30 16:12:50,134 [INFO] LogOutputStream:77 - [STDOUT_REDIRECT] 1 : Invalid condition id : UX_CORESTACK_Condition cause : null
2023-10-30 16:12:50,136 [INFO] LogOutputStream:77 - [STDOUT_REDIRECT] 1 : Invalid condition id : UX_CORESTACK_Condition cause : null
2023-10-30 16:12:50,139 [INFO] LogOutputStream:77 - [STDOUT_REDIRECT] 1 : Invalid condition id : UX_CORESTACK_Condition cause : null
2023-10-30 16:12:50,141 [INFO] LogOutputStream:77 - [STDOUT_REDIRECT] 1 : Invalid condition id : UX_CORESTACK_Condition cause : null
2023-10-30 16:12:50,149 [WARN] PackLoader:240 - Cannot read IP mode file for STMicroelectronics.X-CUBE-AZRTOS-WL.2.0.0
2023-10-30 16:12:50,180 [WARN] PackLoader:240 - Cannot read IP mode file for WES.I-CUBE-Cesium.1.3.0
2023-10-30 16:12:50,200 [WARN] PackLoader:240 - Cannot read IP mode file for STMicroelectronics.X-CUBE-BLE2.3.3.0
2023-10-30 16:12:50,217 [INFO] BoardInfo:880 - No configuration file found for board P-NUCLEO-WB55
2023-10-30 16:12:50,217 [INFO] DbBoards:157 - Kit is not supported: P-NUCLEO-WB55
2023-10-30 16:12:50,224 [WARN] PackLoader:240 - Cannot read IP mode file for STMicroelectronics.X-CUBE-ALGOBUILD.1.3.0
2023-10-30 16:12:50,226 [INFO] BoardInfo:880 - No configuration file found for board STEVAL-BFA001V1B
2023-10-30 16:12:50,226 [INFO] DbBoards:157 - Kit is not supported: STEVAL-BFA001V1B
2023-10-30 16:12:50,229 [INFO] BoardInfo:880 - No configuration file found for board STEVAL-BFA001V2B
2023-10-30 16:12:50,229 [INFO] DbBoards:157 - Kit is not supported: STEVAL-BFA001V2B
2023-10-30 16:12:50,286 [WARN] PackLoader:240 - Cannot read IP mode file for STMicroelectronics.X-CUBE-AZRTOS-G0.1.1.0
2023-10-30 16:12:50,311 [WARN] PackLoader:240 - Cannot read IP mode file for STMicroelectronics.X-CUBE-NFC4.3.0.0
2023-10-30 16:12:50,329 [WARN] PackLoader:240 - Cannot read IP mode file for STMicroelectronics.FP-ATR-SIGFOX1.3.2.0
2023-10-30 16:12:50,395 [WARN] PackLoader:240 - Cannot read IP mode file for SEGGER.I-CUBE-embOS.1.3.1
2023-10-30 16:12:50,454 [INFO] DbBoards:161 - Found 190 boards, 187 are supported
2023-10-30 16:12:50,460 [INFO] ApiDb:668 - CubeFinder database Data Model version=2.1
2023-10-30 16:12:50,460 [INFO] ApiDb:669 - CubeFinder database Configuration version=3.0.37
2023-10-30 16:12:50,460 [INFO] ApiDb:670 - CubeFinder database generation date=2023-10-13 (1697197505)
2023-10-30 16:12:50,460 [INFO] ApiDb:671 - CubeFinder database FW Pack versions=[FP-ATR-ASTRA1_V2.0.0, FP-SNS-FLIGHT1_V5.0.1, FP-SNS-FLIGHT1_V5.0.2, FP-SNS-MOTENV1_V4.3.1, FP-SNS-MOTENV1_V4.3.2, FP-SNS-SMARTAG2_V1.2.0, I-CUBE-ITTIADB_V8.6.3-1, STM32Cube_FW_C0_V1.1.0, STM32Cube_FW_F4_V1.27.1, STM32Cube_FW_F7_V1.17.0, STM32Cube_FW_G0_V1.6.1, STM32Cube_FW_G4_V1.5.1, STM32Cube_FW_H5_V0.5.1, STM32Cube_FW_H5_V1.1.1, STM32Cube_FW_H7_V1.11.0, STM32Cube_FW_L0_V1.12.2, STM32Cube_FW_L5_V1.5.0, STM32Cube_FW_U5_V1.3.0, STM32Cube_FW_U5_V1.3.0RC4, STM32Cube_FW_WBA_V1.0.0RC1, STM32Cube_FW_WBA_V1.1.0RC1, STM32Cube_FW_WBA_V1.1.1, STM32Cube_FW_WB_V1.15.0RC1, STM32Cube_FW_WB_V1.16.0, STM32Cube_FW_WB_V1.16.0RC2, STM32Cube_FW_WB_V1.17.3, STM32Cube_FW_WL_V1.3.0, X-CUBE-ALGOBUILD_V1.3.0, X-CUBE-ALS_V1.0.1, X-CUBE-AZRTOS-F4_V1.1.0, X-CUBE-AZRTOS-F7_V1.1.0, X-CUBE-AZRTOS-G0_V1.1.0, X-CUBE-AZRTOS-G4_V2.0.0, X-CUBE-AZRTOS-H7_V3.1.0, X-CUBE-AZRTOS-L4_V1.0.0, X-CUBE-AZRTOS-L4_V2.0.0, X-CUBE-AZRTOS-L5_V1.1.0, X-CUBE-AZRTOS-WB_V2.0.0, X-CUBE-AZRTOS-WL_V2.0.0, X-CUBE-BLE1_V7.0.0, X-CUBE-BLE2_V3.3.0, X-CUBE-BLEMGR_V2.0.0, X-CUBE-EEPRMA1_V4.1.0, X-CUBE-FREERTOS_V1.1.0, X-CUBE-GNSS1_V6.0.0, X-CUBE-MEMS1_V10.0.0, X-CUBE-MEMS1_V9.1.0, X-CUBE-MEMS1_V9.4.0, X-CUBE-MEMS1_V9.6.0, X-CUBE-NFC4_V3.0.0, X-CUBE-NFC7_V1.0.1, X-CUBE-SFXS2LP1_V4.0.0, X-CUBE-SUBG2_V5.0.0, X-CUBE-TOF1_V3.3.1]
2023-10-30 16:12:50,474 [WARN] PackLoader:240 - Cannot read IP mode file for STMicroelectronics.X-CUBE-GNSS1.6.0.0
2023-10-30 16:12:50,539 [WARN] PackLoader:240 - Cannot read IP mode file for STMicroelectronics.X-CUBE-AZRTOS-F4.1.1.0
2023-10-30 16:12:50,562 [WARN] PackLoader:240 - Cannot read IP mode file for wolfSSL.I-CUBE-wolfSSL.5.6.3
2023-10-30 16:12:50,597 [WARN] PackLoader:240 - Cannot read IP mode file for STMicroelectronics.X-CUBE-AZRTOS-L5.2.0.0
2023-10-30 16:12:50,687 [WARN] PackLoader:240 - Cannot read IP mode file for STMicroelectronics.X-CUBE-MEMS1.9.6.0
2023-10-30 16:12:50,937 [WARN] PackLoader:240 - Cannot read IP mode file for STMicroelectronics.X-CUBE-EEPRMA1.4.2.0
2023-10-30 16:12:50,954 [WARN] PackLoader:240 - Cannot read IP mode file for ITTIA_DB.I-CUBE-ITTIADB.8.8.0
2023-10-30 16:12:50,977 [WARN] PackLoader:240 - Cannot read IP mode file for STMicroelectronics.X-CUBE-BLEMGR.2.0.0
2023-10-30 16:12:51,021 [WARN] ConditionMgr:438 - getConditionDescription Invalid condition id : UX DEVICE CLASS RTOS Condition cause : null
2023-10-30 16:12:51,022 [WARN] ConditionMgr:438 - getConditionDescription Invalid condition id : UX DEVICE CLASS RTOS Condition cause : null
2023-10-30 16:12:51,027 [WARN] PackLoader:240 - Cannot read IP mode file for STMicroelectronics.X-CUBE-AZRTOS-H7.3.1.0
2023-10-30 16:12:51,029 [WARN] ConditionMgr:1039 - genDependencies : Invalid condition id : UX DEVICE CLASS RTOS Condition cause : null
2023-10-30 16:12:51,029 [WARN] ConditionMgr:1039 - genDependencies : Invalid condition id : UX DEVICE CLASS RTOS Condition cause : null
2023-10-30 16:12:51,030 [WARN] ConditionMgr:1039 - genDependencies : Invalid condition id : UX DEVICE CLASS RTOS Condition cause : null
2023-10-30 16:12:51,030 [WARN] ConditionMgr:1039 - genDependencies : Invalid condition id : UX DEVICE CLASS RTOS Condition cause : null
2023-10-30 16:12:51,031 [WARN] ConditionMgr:1039 - genDependencies : Invalid condition id : UX DEVICE CLASS RTOS Condition cause : null
2023-10-30 16:12:51,050 [WARN] PackLoader:240 - Cannot read IP mode file for STMicroelectronics.X-CUBE-NFC7.1.0.1
2023-10-30 16:12:51,072 [WARN] PackLoader:240 - Cannot read IP mode file for STMicroelectronics.X-CUBE-NFC6.3.0.0
2023-10-30 16:12:51,096 [WARN] PackLoader:240 - Cannot read IP mode file for STMicroelectronics.X-CUBE-EEPRMA1.4.1.0
2023-10-30 16:12:51,115 [WARN] PackLoader:240 - Cannot read IP mode file for STMicroelectronics.X-CUBE-AI.8.1.0
2023-10-30 16:12:51,165 [WARN] ConditionMgr:438 - getConditionDescription Invalid condition id : LAN8742 Phy interface Condition cause : null
2023-10-30 16:12:51,166 [WARN] PackLoader:240 - Cannot read IP mode file for STMicroelectronics.X-CUBE-AZRTOS-L4.2.0.0
2023-10-30 16:12:51,169 [WARN] ConditionMgr:1039 - genDependencies : Invalid condition id : LAN8742 Phy interface Condition cause : null
2023-10-30 16:12:51,169 [WARN] ConditionMgr:1039 - genDependencies : Invalid condition id : LAN8742 Phy interface Condition cause : null
2023-10-30 16:12:51,170 [WARN] ConditionMgr:1039 - genDependencies : Invalid condition id : LAN8742 Phy interface Condition cause : null
2023-10-30 16:12:51,189 [WARN] PackLoader:240 - Cannot read IP mode file for STMicroelectronics.X-CUBE-SFXS2LP1.4.0.0
2023-10-30 16:12:51,205 [WARN] PackLoader:240 - Cannot read IP mode file for STMicroelectronics.X-CUBE-ISPU.1.1.0
2023-10-30 16:12:51,262 [WARN] ConditionMgr:438 - getConditionDescription Invalid condition id : UX DEVICE CLASS RTOS Condition cause : null
2023-10-30 16:12:51,262 [WARN] ConditionMgr:438 - getConditionDescription Invalid condition id : UX DEVICE CLASS RTOS Condition cause : null
2023-10-30 16:12:51,266 [WARN] PackLoader:240 - Cannot read IP mode file for STMicroelectronics.X-CUBE-AZRTOS-WB.2.0.0
2023-10-30 16:12:51,268 [WARN] ConditionMgr:1039 - genDependencies : Invalid condition id : UX DEVICE CLASS RTOS Condition cause : null
2023-10-30 16:12:51,268 [WARN] ConditionMgr:1039 - genDependencies : Invalid condition id : UX DEVICE CLASS RTOS Condition cause : null
2023-10-30 16:12:51,268 [WARN] ConditionMgr:1039 - genDependencies : Invalid condition id : UX DEVICE CLASS RTOS Condition cause : null
2023-10-30 16:12:51,269 [WARN] ConditionMgr:1039 - genDependencies : Invalid condition id : UX DEVICE CLASS RTOS Condition cause : null
2023-10-30 16:12:51,269 [WARN] ConditionMgr:1039 - genDependencies : Invalid condition id : UX DEVICE CLASS RTOS Condition cause : null
2023-10-30 16:12:51,289 [WARN] PackLoader:240 - Cannot read IP mode file for STMicroelectronics.X-CUBE-FREERTOS.1.0.1
2023-10-30 16:12:51,309 [WARN] PackLoader:240 - Cannot read IP mode file for STMicroelectronics.X-CUBE-AI.8.0.1
2023-10-30 16:12:51,359 [WARN] PackLoader:240 - Cannot read IP mode file for STMicroelectronics.X-CUBE-SUBG2.5.0.0
2023-10-30 16:12:51,408 [WARN] PackLoader:240 - Cannot read IP mode file for STMicroelectronics.X-CUBE-TOF1.3.3.1
2023-10-30 16:12:51,464 [WARN] PackLoader:240 - Cannot read IP mode file for STMicroelectronics.X-CUBE-AZRTOS-G4.2.0.0
2023-10-30 16:12:51,503 [WARN] PackLoader:240 - Cannot read IP mode file for Infineon.AIROC-Wi-Fi-Bluetooth-STM32.1.5.1
2023-10-30 16:12:51,593 [WARN] PackLoader:240 - Cannot read IP mode file for STMicroelectronics.X-CUBE-MEMS1.10.0.0
2023-10-30 16:12:51,810 [WARN] PackLoader:240 - Cannot read IP mode file for STMicroelectronics.X-CUBE-FREERTOS.1.1.0
2023-10-30 16:12:51,830 [WARN] PackLoader:240 - Cannot read IP mode file for portGmbH.I-Cube-SoM-uGOAL.1.1.0
2023-10-30 16:12:51,844 [WARN] PackLoader:240 - Cannot read IP mode file for STMicroelectronics.X-CUBE-ALS.1.0.1
2023-10-30 16:12:51,860 [WARN] PackLoader:240 - Cannot read IP mode file for STMicroelectronics.FP-ATR-ASTRA1.2.0.0
2023-10-30 16:12:51,861 [INFO] ThirdParty:978 - Integrity check success = true
2023-10-30 16:12:51,862 [INFO] IntegrityCheckThread:100 - exiting critical section [integrity check]
2023-10-30 16:12:51,862 [INFO] IntegrityCheckThread:103 - End integrity checks thread
2023-10-30 16:12:52,727 [INFO] ApiDb:240 - Found 323 in-development CPN: [B-G473E-ZEST1S, B-WB1M-WPAN1, B-WL5M-SUBG1, NUCLEO-C031C6, NUCLEO-H503RB, NUCLEO-H563ZI, NUCLEO-U545RE-Q, NUCLEO-U5A5ZJ-Q, NUCLEO-WBA52CG, STEVAL-PROTEUS1, STEVAL-SMARTAG2, STEVAL-STWINBX1, STM320518-EVAL, STM32C0116-DK, STM32C011D6Y3TR, STM32C011D6Y6TR, STM32C011F4P3, STM32C011F4P6, STM32C011F4U3, STM32C011F4U6TR, STM32C011F6P3, STM32C011F6P6, STM32C011F6U3, STM32C011F6U6TR, STM32C011J4M3, STM32C011J4M6, STM32C011J6M3, STM32C011J6M6, STM32C0316-DK, STM32C031C4T3, STM32C031C4T6, STM32C031C4U3, STM32C031C4U6, STM32C031C6T3, STM32C031C6T6, STM32C031C6U3, STM32C031C6U6, STM32C031F4P3, STM32C031F4P6, STM32C031F6P3, STM32C031F6P6, STM32C031G4U3, STM32C031G4U6, STM32C031G6U3, STM32C031G6U6, STM32C031K4T3, STM32C031K4T6, STM32C031K4U3, STM32C031K4U6, STM32C031K6T3, STM32C031K6T6, STM32C031K6U3, STM32C031K6U6, STM32G071K8TXN, STM32G071K8UXN, STM32G081GBU6N, STM32G081KBT6N, STM32G081KBUXN, STM32G0B1CCT6N, STM32G0B1KCT6, STM32G0B1NEY6TR, STM32G0B1RCT6N, STM32G0C1CCT6, STM32G0C1CCT6N, STM32G0C1CCU6N, STM32G0C1CET6N, STM32G0C1CEU6N, STM32G0C1KCT6, STM32G0C1NEY6TR, STM32G0C1RCI6N, STM32G0C1RCT6N, STM32G0C1REI6N, STM32G0C1RET6N, STM32G0C1VCI6, STM32G0C1VEI6, STM32G471CCT6, STM32G471CCU6, STM32G471CET3, STM32G471CET6, STM32G471CEU3, STM32G471CEU6, STM32G471MCT6, STM32G471MET3, STM32G471MET6, STM32G471MEY6TR, STM32G471QCT6, STM32G471QET3, STM32G471RCT6, STM32G471RET3, STM32G471RET6, STM32G471VCH6, STM32G471VCI6, STM32G471VCT6, STM32G471VEH3, STM32G471VEH6, STM32G471VEI3, STM32G471VEI6, STM32G471VET3, STM32G471VET6, STM32G474CCT6, STM32H503CBT6, STM32H503CBU6, STM32H503EBY6TR, STM32H503KBU6, STM32H503RBT6, STM32H562AGI6, STM32H562AII6, STM32H562IGK6, STM32H562IGT6, STM32H562IIK6, STM32H562IIT6, STM32H562RGT6, STM32H562RGV6, STM32H562RIT6, STM32H562RIV6, STM32H562VGT6, STM32H562VIT6, STM32H562ZGT6, STM32H562ZIT6, STM32H563AGI6, STM32H563AII3Q, STM32H563AII6, STM32H563IGK6, STM32H563IGT6, STM32H563IIK3Q, STM32H563IIK6, STM32H563IIT3Q, STM32H563IIT6, STM32H563MIY3QTR, STM32H563RGT6, STM32H563RGV6, STM32H563RIT6, STM32H563RIV6, STM32H563VGT6, STM32H563VIT3Q, STM32H563VIT6, STM32H563ZGT6, STM32H563ZIT3Q, STM32H563ZIT6, STM32H573AII3Q, STM32H573AII6, STM32H573I-DK, STM32H573IIK3Q, STM32H573IIK6, STM32H573IIT3Q, STM32H573IIT6, STM32H573MIY3QTR, STM32H573RIT6, STM32H573RIV6, STM32H573VIT3Q, STM32H573VIT6, STM32H573ZIT3Q, STM32H573ZIT6, STM32L4R5QGI6STR, STM32MP131AAE3, STM32MP131AAF3, STM32MP131AAG3, STM32MP131CAE3, STM32MP131CAF3, STM32MP131CAG3, STM32MP131DAE7, STM32MP131DAF7, STM32MP131DAG7, STM32MP131FAE7, STM32MP131FAF7, STM32MP131FAG7, STM32MP133AAE3, STM32MP133AAF3, STM32MP133AAG3, STM32MP133CAE3, STM32MP133CAF3, STM32MP133CAG3, STM32MP133DAE7, STM32MP133DAF7, STM32MP133DAG7, STM32MP133FAE7, STM32MP133FAF7, STM32MP133FAG7, STM32MP135AAE3, STM32MP135AAF3, STM32MP135AAG3, STM32MP135CAE3, STM32MP135CAF3, STM32MP135CAG3, STM32MP135DAE7, STM32MP135DAF7, STM32MP135DAG7, STM32MP135F-DK, STM32MP135FAE7, STM32MP135FAF7, STM32MP135FAF7T, STM32MP135FAF7U, STM32MP135FAG7, STM32U535CBT6, STM32U535CBT6Q, STM32U535CBU6, STM32U535CBU6Q, STM32U535CCT6, STM32U535CCT6Q, STM32U535CCU6, STM32U535CCU6Q, STM32U535CET6, STM32U535CET6Q, STM32U535CEU6, STM32U535CEU6Q, STM32U535JEY6QTR, STM32U535NCY6QTR, STM32U535NEY6QTR, STM32U535RBI6, STM32U535RBI6Q, STM32U535RBT6, STM32U535RBT6Q, STM32U535RCI6, STM32U535RCI6Q, STM32U535RCT6, STM32U535RCT6Q, STM32U535REI6, STM32U535REI6Q, STM32U535RET6, STM32U535RET6Q, STM32U535VCI6, STM32U535VCI6Q, STM32U535VCT6, STM32U535VCT6Q, STM32U535VEI6, STM32U535VEI6Q, STM32U535VET6, STM32U535VET6Q, STM32U545CET6, STM32U545CET6Q, STM32U545CEU6, STM32U545CEU6Q, STM32U545JEY6QTR, STM32U545NEY6QTR, STM32U545REI6, STM32U545REI6Q, STM32U545RET6, STM32U545RET6Q, STM32U545VEI6, STM32U545VEI6Q, STM32U545VET6, STM32U545VET6Q, STM32U595AIH6, STM32U595AIH6Q, STM32U595AJH6, STM32U595AJH6Q, STM32U595QII6, STM32U595QII6Q, STM32U595QJI6, STM32U595QJI6Q, STM32U595RIT6, STM32U595RIT6Q, STM32U595RJT6, STM32U595RJT6Q, STM32U595VIT6, STM32U595VIT6Q, STM32U595VJT6, STM32U595VJT6Q, STM32U595ZIT6, STM32U595ZIT6Q, STM32U595ZIY6QTR, STM32U595ZJT6, STM32U595ZJT6Q, STM32U595ZJY6QTR, STM32U599BJY6QTR, STM32U599NIH6Q, STM32U599NJH6Q, STM32U599VIT6Q, STM32U599VJT6, STM32U599VJT6Q, STM32U599ZIT6Q, STM32U599ZIY6QTR, STM32U599ZJT6Q, STM32U599ZJY6QTR, STM32U5A5AJH6, STM32U5A5AJH6Q, STM32U5A5QJI6, STM32U5A5QJI6Q, STM32U5A5RJT6, STM32U5A5RJT6Q, STM32U5A5VJT6, STM32U5A5VJT6Q, STM32U5A5ZJT6, STM32U5A5ZJT6Q, STM32U5A5ZJY6QTR, STM32U5A9BJY6QTR, STM32U5A9J-DK, STM32U5A9NJH6Q, STM32U5A9VJT6Q, STM32U5A9ZJT6Q, STM32U5A9ZJY6QTR, STM32U5F7VIT6, STM32U5F7VIT6Q, STM32U5F7VJT6, STM32U5F7VJT6Q, STM32U5F9BJY6QTR, STM32U5F9NJH6Q, STM32U5F9VIT6Q, STM32U5F9VJT6Q, STM32U5F9ZIJ6QTR, STM32U5F9ZIT6Q, STM32U5F9ZJJ6QTR, STM32U5F9ZJT6Q, STM32U5G7VJT6, STM32U5G7VJT6Q, STM32U5G9BJY6QTR, STM32U5G9J-DK1, STM32U5G9J-DK2, STM32U5G9NJH6Q, STM32U5G9VJT6Q, STM32U5G9ZJJ6QTR, STM32U5G9ZJT6Q, STM32WB1MMCH6, STM32WBA52CEU6, STM32WBA52CEU6T, STM32WBA52CGU6, STM32WBA52CGU6T, STM32WBA52KEU6, STM32WBA52KEU6T, STM32WBA52KGU6, STM32WBA52KGU6T, STM32WL5MOCH6, STM32WL5MOCH6TR]
2023-10-30 16:12:52,732 [INFO] DbMcus:217 - Found 3848 MCUs, 3848 are supported
2023-10-30 16:12:52,733 [INFO] ApiDb:423 - Load user favorites file C:\Users\Bae/.stm32cubeide/favorites.mcus.txt: 0 item(s)
2023-10-30 16:12:52,733 [INFO] ApiDb:427 - User favorites MCUs=[]
2023-10-30 16:12:52,733 [INFO] DbMcus:223 - Set 0 / 0 favorites MCUs
2023-10-30 16:12:52,993 [INFO] ApiDb:423 - Load user favorites file C:\Users\Bae/.stm32cubeide/favorites.boards.txt: 0 item(s)
2023-10-30 16:12:52,993 [INFO] ApiDb:427 - User favorites Boards=[]
2023-10-30 16:12:52,993 [INFO] DbBoards:190 - Set 0 / 0 favorites Boards
2023-10-30 16:12:52,993 [INFO] McuFinderGlobals:76 - Set McuFinderConnectedMode to true
2023-10-30 16:12:53,000 [INFO] MultiScanPanel:200 - Auto-refresh data requested => check proxy status ongoing
2023-10-30 16:12:53,003 [INFO] FinderPluginLoader:95 - Searching for filters in installed packs
2023-10-30 16:12:54,427 [INFO] LoadUrlFilesThread:185 - End of LoadServerUrlFiles without Thread
2023-10-30 16:12:54,433 [INFO] DetailPanel:341 - Set advertising image to C:/Users/Bae/STM32Cube/Repository/\en.prom-stm32h5-mcu-finder.jpg
2023-10-30 16:13:32,574 [INFO] MainUpdater:2868 - connection check result : 10
2023-10-30 16:13:32,574 [INFO] MainUpdater:2868 - connection check result : 10
2023-10-30 16:13:32,593 [INFO] MicroXplorer:468 - Change Database Path : 
2023-10-30 16:13:32,593 [INFO] MicroXplorer:498 - Change Database Version : DB.6.0.90
2023-10-30 16:13:32,597 [WARN] ThirdParty:871 - waiting for thirdparty lock release [close project]
2023-10-30 16:13:32,597 [INFO] ThirdParty:873 - entering critical section [close project]
2023-10-30 16:13:32,598 [INFO] ThirdParty:883 - exiting critical section [close project]
2023-10-30 16:13:32,600 [INFO] PinOutPanel:1499 - setPackage(No Configuration,No Configuration)
2023-10-30 16:13:32,609 [INFO] UtilMem:75 - Begin LoadConfig() Used Memory: 279001192 Bytes (521142272)
2023-10-30 16:13:32,612 [INFO] MicroXplorer:468 - Change Database Path : 
2023-10-30 16:13:32,613 [INFO] MicroXplorer:498 - Change Database Version : DB.6.0.90
2023-10-30 16:13:32,613 [INFO] OpenFileManager:308 - Change cursor
2023-10-30 16:13:32,646 [INFO] Mcu:1946 - Initializing MCU STM32F103R(8-B)Tx STM32F103RBTx STM32F103RBT6
2023-10-30 16:13:33,425 [INFO] Context:659 - Trying to add GPIOservice into a context  which must be forbidden
2023-10-30 16:13:33,809 [INFO] RtosManager:555 - Registered RTOS mode: class=CMSIS, group=RTOS, mode=CMSIS_V1, owner=FREERTOS
2023-10-30 16:13:33,809 [INFO] RtosManager:555 - Registered RTOS mode: class=CMSIS, group=RTOS2, mode=CMSIS_V2, owner=FREERTOS
2023-10-30 16:13:33,809 [INFO] RtosManager:555 - Registered RTOS mode: class=RTOS, group=Core, mode=CMSIS_V1, owner=FREERTOS
2023-10-30 16:13:33,809 [INFO] RtosManager:555 - Registered RTOS mode: class=RTOS, group=Core, mode=CMSIS_V2, owner=FREERTOS
2023-10-30 16:13:33,810 [WARN] ModelIntegratedComponent:184 - Missing modes for component STMicroelectronics:FreeRTOS:0.0.1:STMicroelectronics:RTOS:FreeRTOS:Core:::10.2.0:
2023-10-30 16:13:33,825 [WARN] ModelIntegratedComponent:63 - No mode defined for component null
2023-10-30 16:13:33,825 [WARN] ModelIntegratedComponent:63 - No mode defined for component null
2023-10-30 16:13:33,825 [WARN] ModelIntegratedComponent:63 - No mode defined for component null
2023-10-30 16:13:33,825 [WARN] ModelIntegratedComponent:63 - No mode defined for component null
2023-10-30 16:13:33,825 [WARN] ModelIntegratedComponent:63 - No mode defined for component null
2023-10-30 16:13:33,825 [WARN] ModelIntegratedComponent:63 - No mode defined for component null
2023-10-30 16:13:33,825 [WARN] ModelIntegratedComponent:63 - No mode defined for component null
2023-10-30 16:13:33,825 [WARN] ModelIntegratedComponent:63 - No mode defined for component null
2023-10-30 16:13:33,825 [WARN] ModelIntegratedComponent:63 - No mode defined for component null
2023-10-30 16:13:33,825 [WARN] ModelIntegratedComponent:63 - No mode defined for component null
2023-10-30 16:13:33,825 [WARN] ModelIntegratedComponent:63 - No mode defined for component null
2023-10-30 16:13:33,825 [WARN] ModelIntegratedComponent:63 - No mode defined for component null
2023-10-30 16:13:33,825 [WARN] ModelIntegratedComponent:63 - No mode defined for component null
2023-10-30 16:13:33,825 [WARN] ModelIntegratedComponent:63 - No mode defined for component null
2023-10-30 16:13:33,825 [WARN] ModelIntegratedComponent:63 - No mode defined for component null
2023-10-30 16:13:33,825 [WARN] ModelIntegratedComponent:63 - No mode defined for component null
2023-10-30 16:13:33,826 [WARN] ModelIntegratedComponent:63 - No mode defined for component null
2023-10-30 16:13:33,826 [WARN] ModelIntegratedComponent:63 - No mode defined for component null
2023-10-30 16:13:33,826 [WARN] ModelIntegratedComponent:63 - No mode defined for component null
2023-10-30 16:13:33,826 [WARN] ModelIntegratedComponent:63 - No mode defined for component null
2023-10-30 16:13:33,826 [WARN] ModelIntegratedComponent:63 - No mode defined for component null
2023-10-30 16:13:33,826 [WARN] ModelIntegratedComponent:63 - No mode defined for component null
2023-10-30 16:13:33,826 [WARN] ModelIntegratedComponent:63 - No mode defined for component null
2023-10-30 16:13:33,826 [WARN] ModelIntegratedComponent:63 - No mode defined for component null
2023-10-30 16:13:33,826 [WARN] ModelIntegratedComponent:63 - No mode defined for component null
2023-10-30 16:13:33,826 [WARN] ModelIntegratedComponent:63 - No mode defined for component null
2023-10-30 16:13:33,826 [WARN] ModelIntegratedComponent:63 - No mode defined for component null
2023-10-30 16:13:33,826 [WARN] ModelIntegratedComponent:63 - No mode defined for component null
2023-10-30 16:13:33,826 [WARN] ModelIntegratedComponent:63 - No mode defined for component null
2023-10-30 16:13:33,826 [WARN] ModelIntegratedComponent:63 - No mode defined for component null
2023-10-30 16:13:33,826 [WARN] ModelIntegratedComponent:63 - No mode defined for component null
2023-10-30 16:13:33,826 [WARN] ModelIntegratedComponent:63 - No mode defined for component null
2023-10-30 16:13:33,826 [WARN] ModelIntegratedComponent:63 - No mode defined for component null
2023-10-30 16:13:33,916 [INFO] ThirdPartyModel:298 - Start build external matchings
2023-10-30 16:13:34,339 [INFO] ThirdPartyModel:316 - End build external matchings
2023-10-30 16:13:34,361 [INFO] ImportTextPane:194 - (OptionalMessage_ERROR) IP (DMA) : Parameter (Instance) has Id (ADC1) currently not set
2023-10-30 16:13:34,361 [INFO] ImportTextPane:194 - (OptionalMessage_ERROR) IP (DMA) : Parameter (Direction) has Id (ADC1) currently not set
2023-10-30 16:13:34,361 [INFO] ImportTextPane:194 - (OptionalMessage_ERROR) IP (DMA) : Parameter (PeriphInc) has Id (ADC1) currently not set
2023-10-30 16:13:34,361 [INFO] ImportTextPane:194 - (OptionalMessage_ERROR) IP (DMA) : Parameter (MemInc) has Id (ADC1) currently not set
2023-10-30 16:13:34,362 [INFO] ImportTextPane:194 - (OptionalMessage_ERROR) IP (DMA) : Parameter (PeriphDataAlignment) has Id (ADC1) currently not set
2023-10-30 16:13:34,362 [INFO] ImportTextPane:194 - (OptionalMessage_ERROR) IP (DMA) : Parameter (MemDataAlignment) has Id (ADC1) currently not set
2023-10-30 16:13:34,362 [INFO] ImportTextPane:194 - (OptionalMessage_ERROR) IP (DMA) : Parameter (Mode) has Id (ADC1) currently not set
2023-10-30 16:13:34,362 [INFO] ImportTextPane:194 - (OptionalMessage_ERROR) IP (DMA) : Parameter (Priority) has Id (ADC1) currently not set
2023-10-30 16:13:34,365 [INFO] ImportTextPane:194 - (OptionalMessage_ERROR) IP (RCC) : Invalid parameter (FamilyName)
2023-10-30 16:13:34,365 [INFO] ImportTextPane:194 - (OptionalMessage_ERROR) IP (RCC) : Parameter (MCOFreq_Value) has invalid value (72000000)
2023-10-30 16:13:34,366 [INFO] ImportTextPane:194 - (OptionalMessage_ERROR) IP (RCC) : Parameter (USBFreq_Value) has invalid value (72000000)
2023-10-30 16:13:34,605 [INFO] UtilMem:75 - End LoadConfig() Used Memory: 187254824 Bytes (521142272)
2023-10-30 16:13:34,768 [WARN] ThirdParty:833 - waiting for thirdparty lock release [change project]
2023-10-30 16:13:34,768 [INFO] ThirdParty:835 - entering critical section [change project]
2023-10-30 16:13:34,768 [INFO] ThirdParty:1030 - CMSIS Pack Vendor :STMicroelectronics X-CUBE-ISPU 1.1.0
2023-10-30 16:13:34,768 [INFO] ThirdParty:1030 - CMSIS Pack Vendor :STMicroelectronics USBPD 4.1
2023-10-30 16:13:34,768 [INFO] ThirdParty:1030 - CMSIS Pack Vendor :STMicroelectronics X-CUBE-GNSS1 6.0.0
2023-10-30 16:13:34,769 [INFO] ThirdParty:1030 - CMSIS Pack Vendor :STMicroelectronics USB_HOST 2.0.0
2023-10-30 16:13:34,769 [INFO] ThirdParty:1030 - CMSIS Pack Vendor :STMicroelectronics X-CUBE-AZRTOS-F4 1.1.0
2023-10-30 16:13:34,769 [INFO] ThirdParty:1030 - CMSIS Pack Vendor :STMicroelectronics LIBJPEG 8.0.0
2023-10-30 16:13:34,769 [INFO] ThirdParty:1030 - CMSIS Pack Vendor :wolfSSL I-CUBE-wolfSSL 5.6.3
2023-10-30 16:13:34,769 [INFO] ThirdParty:1030 - CMSIS Pack Vendor :STMicroelectronics X-CUBE-SMBUS 2.1.0
2023-10-30 16:13:34,769 [INFO] ThirdParty:1030 - CMSIS Pack Vendor :STMicroelectronics USB_DEVICE 3.0.0
2023-10-30 16:13:34,769 [INFO] ThirdParty:1030 - CMSIS Pack Vendor :STMicroelectronics X-CUBE-AZRTOS-WB 2.0.0
2023-10-30 16:13:34,769 [INFO] ThirdParty:1030 - CMSIS Pack Vendor :STMicroelectronics X-CUBE-FREERTOS 1.0.1
2023-10-30 16:13:34,769 [INFO] ThirdParty:1030 - CMSIS Pack Vendor :STMicroelectronics X-CUBE-AZRTOS-F7 1.1.0
2023-10-30 16:13:34,769 [INFO] ThirdParty:1030 - CMSIS Pack Vendor :STMicroelectronics X-CUBE-AZRTOS-L5 2.0.0
2023-10-30 16:13:34,769 [INFO] ThirdParty:1030 - CMSIS Pack Vendor :STMicroelectronics USB_DEVICE 2.0.0
2023-10-30 16:13:34,769 [INFO] ThirdParty:1030 - CMSIS Pack Vendor :STMicroelectronics X-CUBE-MEMS1 9.6.0
2023-10-30 16:13:34,769 [INFO] ThirdParty:1030 - CMSIS Pack Vendor :STMicroelectronics X-CUBE-EEPRMA1 4.2.0
2023-10-30 16:13:34,769 [INFO] ThirdParty:1030 - CMSIS Pack Vendor :ITTIA_DB I-CUBE-ITTIADB 8.8.0
2023-10-30 16:13:34,769 [INFO] ThirdParty:1030 - CMSIS Pack Vendor :STMicroelectronics FP-SNS-MOTENV1 4.3.2
2023-10-30 16:13:34,769 [INFO] ThirdParty:1030 - CMSIS Pack Vendor :STMicroelectronics X-CUBE-ALGOBUILD 1.3.0
2023-10-30 16:13:34,769 [INFO] ThirdParty:1030 - CMSIS Pack Vendor :STMicroelectronics X-CUBE-BLE1 6.2.4
2023-10-30 16:13:34,769 [INFO] ThirdParty:1030 - CMSIS Pack Vendor :STMicroelectronics FreeRTOS 0.0.1
2023-10-30 16:13:34,769 [INFO] ThirdParty:1030 - CMSIS Pack Vendor :STMicroelectronics X-CUBE-AZRTOS-G0 1.1.0
2023-10-30 16:13:34,769 [INFO] ThirdParty:1030 - CMSIS Pack Vendor :STMicroelectronics X-CUBE-BLEMGR 2.0.0
2023-10-30 16:13:34,770 [INFO] ThirdParty:1030 - CMSIS Pack Vendor :STMicroelectronics X-CUBE-AI 8.0.1
2023-10-30 16:13:34,770 [INFO] ThirdParty:1030 - CMSIS Pack Vendor :STMicroelectronics X-CUBE-NFC4 3.0.0
2023-10-30 16:13:34,770 [INFO] ThirdParty:1030 - CMSIS Pack Vendor :STMicroelectronics X-CUBE-SUBG2 5.0.0
2023-10-30 16:13:34,770 [INFO] ThirdParty:1030 - CMSIS Pack Vendor :STMicroelectronics STM32_WPAN 1.0.0
2023-10-30 16:13:34,770 [INFO] ThirdParty:1030 - CMSIS Pack Vendor :STMicroelectronics lwIP 2.0.3
2023-10-30 16:13:34,770 [INFO] ThirdParty:1030 - CMSIS Pack Vendor :STMicroelectronics FP-SNS-FLIGHT1 5.0.2
2023-10-30 16:13:34,770 [INFO] ThirdParty:1030 - CMSIS Pack Vendor :STMicroelectronics USB_HOST 1.0.0
2023-10-30 16:13:34,770 [INFO] ThirdParty:1030 - CMSIS Pack Vendor :STMicroelectronics X-CUBE-TOF1 3.3.1
2023-10-30 16:13:34,770 [INFO] ThirdParty:1030 - CMSIS Pack Vendor :STMicroelectronics X-CUBE-AZRTOS-G4 2.0.0
2023-10-30 16:13:34,770 [INFO] ThirdParty:1030 - CMSIS Pack Vendor :STMicroelectronics PDM2PCM 3.1.0
2023-10-30 16:13:34,770 [INFO] ThirdParty:1030 - CMSIS Pack Vendor :STMicroelectronics X-CUBE-AZRTOS-H7 3.1.0
2023-10-30 16:13:34,770 [INFO] ThirdParty:1030 - CMSIS Pack Vendor :Infineon AIROC-Wi-Fi-Bluetooth-STM32 1.5.1
2023-10-30 16:13:34,770 [INFO] ThirdParty:1030 - CMSIS Pack Vendor :STMicroelectronics PDM2PCM 3.3.0
2023-10-30 16:13:34,770 [INFO] ThirdParty:1030 - CMSIS Pack Vendor :STMicroelectronics X-CUBE-DISPLAY 3.0.0
2023-10-30 16:13:34,770 [INFO] ThirdParty:1030 - CMSIS Pack Vendor :STMicroelectronics X-CUBE-BLE1 7.0.0
2023-10-30 16:13:34,770 [INFO] ThirdParty:1030 - CMSIS Pack Vendor :STMicroelectronics FP-ATR-SIGFOX1 3.2.0
2023-10-30 16:13:34,770 [INFO] ThirdParty:1030 - CMSIS Pack Vendor :STMicroelectronics HAL Drivers 0.0.0
2023-10-30 16:13:34,770 [INFO] ThirdParty:1030 - CMSIS Pack Vendor :STMicroelectronics MBEDTLS 2.16.2
2023-10-30 16:13:34,770 [INFO] ThirdParty:1030 - CMSIS Pack Vendor :emotas I-CUBE-CANOPEN 1.3.0
2023-10-30 16:13:34,771 [INFO] ThirdParty:1030 - CMSIS Pack Vendor :STMicroelectronics X-CUBE-MEMS1 10.0.0
2023-10-30 16:13:34,771 [INFO] ThirdParty:1030 - CMSIS Pack Vendor :STMicroelectronics X-CUBE-FREERTOS 1.1.0
2023-10-30 16:13:34,771 [INFO] ThirdParty:1030 - CMSIS Pack Vendor :STMicroelectronics X-CUBE-TOUCHGFX 4.22.0
2023-10-30 16:13:34,771 [INFO] ThirdParty:1030 - CMSIS Pack Vendor :STMicroelectronics X-CUBE-NFC7 1.0.1
2023-10-30 16:13:34,771 [INFO] ThirdParty:1030 - CMSIS Pack Vendor :STMicroelectronics MBEDTLS 2.14.1
2023-10-30 16:13:34,771 [INFO] ThirdParty:1030 - CMSIS Pack Vendor :STMicroelectronics X-CUBE-TOUCHGFX 4.22.1
2023-10-30 16:13:34,771 [INFO] ThirdParty:1030 - CMSIS Pack Vendor :STMicroelectronics X-CUBE-NFC6 3.0.0
2023-10-30 16:13:34,771 [INFO] ThirdParty:1030 - CMSIS Pack Vendor :STMicroelectronics X-CUBE-EEPRMA1 4.1.0
2023-10-30 16:13:34,771 [INFO] ThirdParty:1030 - CMSIS Pack Vendor :portGmbH I-Cube-SoM-uGOAL 1.1.0
2023-10-30 16:13:34,771 [INFO] ThirdParty:1030 - CMSIS Pack Vendor :STMicroelectronics X-CUBE-ALS 1.0.1
2023-10-30 16:13:34,771 [INFO] ThirdParty:1030 - CMSIS Pack Vendor :STMicroelectronics ThreadX 1.0.0
2023-10-30 16:13:34,771 [INFO] ThirdParty:1030 - CMSIS Pack Vendor :STMicroelectronics FP-SNS-SMARTAG2 1.2.0
2023-10-30 16:13:34,771 [INFO] ThirdParty:1030 - CMSIS Pack Vendor :STMicroelectronics X-CUBE-AZRTOS-WL 2.0.0
2023-10-30 16:13:34,771 [INFO] ThirdParty:1030 - CMSIS Pack Vendor :SEGGER I-CUBE-embOS 1.3.1
2023-10-30 16:13:34,771 [INFO] ThirdParty:1030 - CMSIS Pack Vendor :STMicroelectronics USB_DEVICE 1.0.0
2023-10-30 16:13:34,771 [INFO] ThirdParty:1030 - CMSIS Pack Vendor :STMicroelectronics X-CUBE-AI 8.1.0
2023-10-30 16:13:34,771 [INFO] ThirdParty:1030 - CMSIS Pack Vendor :STMicroelectronics X-CUBE-AZRTOS-L4 2.0.0
2023-10-30 16:13:34,772 [INFO] ThirdParty:1030 - CMSIS Pack Vendor :STMicroelectronics ThreadX 0.0.2
2023-10-30 16:13:34,772 [INFO] ThirdParty:1030 - CMSIS Pack Vendor :WES I-CUBE-Cesium 1.3.0
2023-10-30 16:13:34,772 [INFO] ThirdParty:1030 - CMSIS Pack Vendor :STMicroelectronics FP-ATR-ASTRA1 2.0.0
2023-10-30 16:13:34,772 [INFO] ThirdParty:1030 - CMSIS Pack Vendor :STMicroelectronics lwIP 2.1.2
2023-10-30 16:13:34,772 [INFO] ThirdParty:1030 - CMSIS Pack Vendor :STMicroelectronics X-CUBE-SFXS2LP1 4.0.0
2023-10-30 16:13:34,772 [INFO] ThirdParty:1030 - CMSIS Pack Vendor :STMicroelectronics X-CUBE-BLE2 3.3.0
2023-10-30 16:13:34,772 [INFO] ThirdParty:1030 - CMSIS Pack Vendor :STMicroelectronics PDM2PCM 3.2.0
2023-10-30 16:13:34,772 [INFO] ThirdParty:841 - exiting critical section [change project]
2023-10-30 16:13:35,073 [INFO] PinOutPanel:1499 - setPackage(No Configuration,No Configuration)
2023-10-30 16:13:35,075 [INFO] PinOutPanel:1499 - setPackage(STM32F103RBTx,LQFP64)
2023-10-30 16:13:35,780 [INFO] UtilMem:75 - Before build in PCC Used Memory: 234288640 Bytes (521142272)
2023-10-30 16:13:36,672 [INFO] UtilMem:75 - After build in PCC Used Memory: 318701056 Bytes (521142272)
2023-10-30 16:13:36,702 [INFO] IPUIPlugin:80 - create IPUIPlugin
2023-10-30 16:13:36,702 [INFO] IPUIPlugin:80 - create IPUIPlugin
2023-10-30 16:13:36,702 [INFO] IPUIPlugin:80 - create IPUIPlugin
2023-10-30 16:13:36,702 [INFO] IPUIPlugin:80 - create IPUIPlugin
2023-10-30 16:13:36,702 [INFO] IPUIPlugin:80 - create IPUIPlugin
2023-10-30 16:13:36,702 [INFO] IPUIPlugin:80 - create IPUIPlugin
2023-10-30 16:13:36,702 [INFO] IPUIPlugin:80 - create IPUIPlugin
2023-10-30 16:13:36,703 [INFO] IPUIPlugin:80 - create IPUIPlugin
2023-10-30 16:13:36,703 [INFO] IPUIPlugin:80 - create IPUIPlugin
2023-10-30 16:13:36,703 [INFO] IPUIPlugin:80 - create IPUIPlugin
2023-10-30 16:13:36,703 [INFO] IPUIPlugin:80 - create IPUIPlugin
2023-10-30 16:13:36,703 [INFO] IPUIPlugin:80 - create IPUIPlugin
2023-10-30 16:13:36,704 [INFO] IPUIPlugin:80 - create IPUIPlugin
2023-10-30 16:13:36,704 [INFO] IPUIPlugin:80 - create IPUIPlugin
2023-10-30 16:13:36,704 [INFO] IPUIPlugin:80 - create IPUIPlugin
2023-10-30 16:13:36,705 [INFO] IPUIPlugin:80 - create IPUIPlugin
2023-10-30 16:13:36,705 [INFO] IPUIPlugin:80 - create IPUIPlugin
2023-10-30 16:13:36,706 [INFO] IPUIPlugin:80 - create IPUIPlugin
2023-10-30 16:13:36,706 [INFO] IPUIPlugin:80 - create IPUIPlugin
2023-10-30 16:13:36,707 [INFO] IPUIPlugin:80 - create IPUIPlugin
2023-10-30 16:13:36,707 [INFO] IPUIPlugin:80 - create IPUIPlugin
2023-10-30 16:13:36,708 [INFO] IPUIPlugin:80 - create IPUIPlugin
2023-10-30 16:13:36,708 [INFO] IPUIPlugin:80 - create IPUIPlugin
2023-10-30 16:13:36,709 [INFO] IPUIPlugin:80 - create IPUIPlugin
2023-10-30 16:13:36,709 [INFO] IPUIPlugin:80 - create IPUIPlugin
2023-10-30 16:13:36,711 [INFO] IPUIPlugin:80 - create IPUIPlugin
2023-10-30 16:13:36,711 [INFO] IPUIPlugin:80 - create IPUIPlugin
2023-10-30 16:13:36,732 [INFO] Can:71 - Can Add PropertyChangeListener com.st.microxplorer.plugins.ip.can.Can@5ef5e515
2023-10-30 16:13:36,734 [WARN] IP:2114 - I2C_Coeff_DF not found: check if there is a RefParameter without a condition.
2023-10-30 16:13:36,734 [WARN] IP:2114 - Analog_Filter not found: check if there is a RefParameter without a condition.
2023-10-30 16:13:36,977 [INFO] CADModel:165 - CPN selected for project levelSTM32F103RBT6
2023-10-30 16:13:36,977 [INFO] CADModel:114 - Register for checkConnection events
2023-10-30 16:13:37,032 [INFO] OpenFileManager:328 - Restore cursor
2023-10-30 16:13:37,265 [WARN] IP:2114 - I2C_Coeff_DF not found: check if there is a RefParameter without a condition.
2023-10-30 16:13:37,265 [WARN] IP:2114 - Analog_Filter not found: check if there is a RefParameter without a condition.
2023-10-30 16:13:37,266 [WARN] IP:2114 - I2C_Coeff_DF not found: check if there is a RefParameter without a condition.
2023-10-30 16:13:37,266 [WARN] IP:2114 - Analog_Filter not found: check if there is a RefParameter without a condition.
2023-10-30 16:13:37,568 [INFO] UtilMem:75 - End SaveConfig() Used Memory: 427775240 Bytes (521142272)
2023-10-30 16:13:37,688 [INFO] UtilMem:75 - End SaveConfig() Used Memory: 438307768 Bytes (521142272)
2023-10-30 16:13:38,346 [INFO] BlockDiagram:2759 - set Specific Code input for plugin: RTC
2023-10-30 16:13:38,346 [INFO] BlockDiagram:2759 - set Specific Code input for plugin: SPI
2023-10-30 16:13:38,346 [INFO] BlockDiagram:2759 - set Specific Code input for plugin: NVIC
2023-10-30 16:13:38,346 [INFO] BlockDiagram:2759 - set Specific Code input for plugin: USART
2023-10-30 16:13:38,346 [INFO] BlockDiagram:2759 - set Specific Code input for plugin: USART
2023-10-30 16:13:38,346 [INFO] BlockDiagram:2759 - set Specific Code input for plugin: USART
2023-10-30 16:13:38,346 [INFO] BlockDiagram:2759 - set Specific Code input for plugin: DMA
2023-10-30 16:13:38,346 [INFO] BlockDiagram:2759 - set Specific Code input for plugin: TIM1_8F1
2023-10-30 16:13:38,347 [INFO] BlockDiagram:2759 - set Specific Code input for plugin: TIM1_8F1
2023-10-30 16:13:38,347 [INFO] BlockDiagram:2759 - set Specific Code input for plugin: SYS
2023-10-30 16:13:38,347 [INFO] BlockDiagram:2759 - set Specific Code input for plugin: GPIO
2023-10-30 16:13:38,347 [INFO] BlockDiagram:2759 - set Specific Code input for plugin: ADC
2023-10-30 16:13:38,347 [INFO] BlockDiagram:2759 - set Specific Code input for plugin: CAN
2023-10-30 16:13:38,347 [INFO] BlockDiagram:2759 - set Specific Code input for plugin: RCC
2023-10-30 16:13:38,347 [INFO] BlockDiagram:2759 - set Specific Code input for plugin: I2C
2023-10-30 16:13:38,349 [INFO] CodeGenerator:799 - code generatio: config db path: C:\ST\STM32CubeIDE_1.13.0\STM32CubeIDE\plugins\com.st.stm32cube.common.mx_6.9.0.202307051724\\db\
2023-10-30 16:13:38,365 [WARN] IP:2114 - I2C_Coeff_DF not found: check if there is a RefParameter without a condition.
2023-10-30 16:13:38,365 [WARN] IP:2114 - Analog_Filter not found: check if there is a RefParameter without a condition.
2023-10-30 16:13:38,611 [INFO] CodeEngine:255 - oldGeneratedFile, D:\Git\BMS\Frimware\LLINE_Battery_64p\MXTmpFiles\license.tmp_save
2023-10-30 16:13:39,077 [INFO] CodeEngine:279 - Generated code: D:\Git\BMS\Frimware\LLINE_Battery_64p\MXTmpFiles\license.tmp
2023-10-30 16:13:39,339 [INFO] CodeEngine:255 - oldGeneratedFile, D:\Git\BMS\Frimware\LLINE_Battery_64p\Core\Src\gpio.c_save
2023-10-30 16:13:39,605 [INFO] CodeEngine:279 - Generated code: D:\Git\BMS\Frimware\LLINE_Battery_64p\Core\Src\gpio.c
2023-10-30 16:13:39,611 [INFO] CodeEngine:255 - oldGeneratedFile, D:\Git\BMS\Frimware\LLINE_Battery_64p\Core\Inc\gpio.h_save
2023-10-30 16:13:39,782 [INFO] CodeEngine:279 - Generated code: D:\Git\BMS\Frimware\LLINE_Battery_64p\Core\Inc\gpio.h
2023-10-30 16:13:40,889 [INFO] CodeEngine:255 - oldGeneratedFile, D:\Git\BMS\Frimware\LLINE_Battery_64p\Core\Src\adc.c_save
2023-10-30 16:13:41,142 [INFO] CodeEngine:279 - Generated code: D:\Git\BMS\Frimware\LLINE_Battery_64p\Core\Src\adc.c
2023-10-30 16:13:41,146 [INFO] CodeEngine:255 - oldGeneratedFile, D:\Git\BMS\Frimware\LLINE_Battery_64p\Core\Inc\adc.h_save
2023-10-30 16:13:41,294 [INFO] CodeEngine:279 - Generated code: D:\Git\BMS\Frimware\LLINE_Battery_64p\Core\Inc\adc.h
2023-10-30 16:13:41,306 [INFO] CodeEngine:255 - oldGeneratedFile, D:\Git\BMS\Frimware\LLINE_Battery_64p\Core\Src\can.c_save
2023-10-30 16:13:41,499 [INFO] CodeEngine:279 - Generated code: D:\Git\BMS\Frimware\LLINE_Battery_64p\Core\Src\can.c
2023-10-30 16:13:41,503 [INFO] CodeEngine:255 - oldGeneratedFile, D:\Git\BMS\Frimware\LLINE_Battery_64p\Core\Inc\can.h_save
2023-10-30 16:13:41,610 [INFO] CodeEngine:279 - Generated code: D:\Git\BMS\Frimware\LLINE_Battery_64p\Core\Inc\can.h
2023-10-30 16:13:41,638 [INFO] CodeEngine:255 - oldGeneratedFile, D:\Git\BMS\Frimware\LLINE_Battery_64p\Core\Src\dma.c_save
2023-10-30 16:13:41,803 [INFO] CodeEngine:279 - Generated code: D:\Git\BMS\Frimware\LLINE_Battery_64p\Core\Src\dma.c
2023-10-30 16:13:41,809 [INFO] CodeEngine:255 - oldGeneratedFile, D:\Git\BMS\Frimware\LLINE_Battery_64p\Core\Inc\dma.h_save
2023-10-30 16:13:41,935 [INFO] CodeEngine:279 - Generated code: D:\Git\BMS\Frimware\LLINE_Battery_64p\Core\Inc\dma.h
2023-10-30 16:13:41,947 [INFO] CodeEngine:255 - oldGeneratedFile, D:\Git\BMS\Frimware\LLINE_Battery_64p\Core\Src\i2c.c_save
2023-10-30 16:13:42,181 [INFO] CodeEngine:279 - Generated code: D:\Git\BMS\Frimware\LLINE_Battery_64p\Core\Src\i2c.c
2023-10-30 16:13:42,185 [INFO] CodeEngine:255 - oldGeneratedFile, D:\Git\BMS\Frimware\LLINE_Battery_64p\Core\Inc\i2c.h_save
2023-10-30 16:13:42,263 [INFO] CodeEngine:279 - Generated code: D:\Git\BMS\Frimware\LLINE_Battery_64p\Core\Inc\i2c.h
2023-10-30 16:13:42,274 [INFO] CodeEngine:255 - oldGeneratedFile, D:\Git\BMS\Frimware\LLINE_Battery_64p\Core\Src\rtc.c_save
2023-10-30 16:13:42,414 [INFO] CodeEngine:279 - Generated code: D:\Git\BMS\Frimware\LLINE_Battery_64p\Core\Src\rtc.c
2023-10-30 16:13:42,416 [INFO] CodeEngine:255 - oldGeneratedFile, D:\Git\BMS\Frimware\LLINE_Battery_64p\Core\Inc\rtc.h_save
2023-10-30 16:13:42,497 [INFO] CodeEngine:279 - Generated code: D:\Git\BMS\Frimware\LLINE_Battery_64p\Core\Inc\rtc.h
2023-10-30 16:13:42,506 [INFO] CodeEngine:255 - oldGeneratedFile, D:\Git\BMS\Frimware\LLINE_Battery_64p\Core\Src\spi.c_save
2023-10-30 16:13:42,670 [INFO] CodeEngine:279 - Generated code: D:\Git\BMS\Frimware\LLINE_Battery_64p\Core\Src\spi.c
2023-10-30 16:13:42,673 [INFO] CodeEngine:255 - oldGeneratedFile, D:\Git\BMS\Frimware\LLINE_Battery_64p\Core\Inc\spi.h_save
2023-10-30 16:13:42,747 [INFO] CodeEngine:279 - Generated code: D:\Git\BMS\Frimware\LLINE_Battery_64p\Core\Inc\spi.h
2023-10-30 16:13:42,756 [INFO] CodeEngine:255 - oldGeneratedFile, D:\Git\BMS\Frimware\LLINE_Battery_64p\Core\Src\tim.c_save
2023-10-30 16:13:42,869 [INFO] CodeEngine:279 - Generated code: D:\Git\BMS\Frimware\LLINE_Battery_64p\Core\Src\tim.c
2023-10-30 16:13:42,872 [INFO] CodeEngine:255 - oldGeneratedFile, D:\Git\BMS\Frimware\LLINE_Battery_64p\Core\Inc\tim.h_save
2023-10-30 16:13:42,942 [INFO] CodeEngine:279 - Generated code: D:\Git\BMS\Frimware\LLINE_Battery_64p\Core\Inc\tim.h
2023-10-30 16:13:42,949 [INFO] CodeEngine:255 - oldGeneratedFile, D:\Git\BMS\Frimware\LLINE_Battery_64p\Core\Src\usart.c_save
2023-10-30 16:13:43,067 [INFO] CodeEngine:279 - Generated code: D:\Git\BMS\Frimware\LLINE_Battery_64p\Core\Src\usart.c
2023-10-30 16:13:43,070 [INFO] CodeEngine:255 - oldGeneratedFile, D:\Git\BMS\Frimware\LLINE_Battery_64p\Core\Inc\usart.h_save
2023-10-30 16:13:43,144 [INFO] CodeEngine:279 - Generated code: D:\Git\BMS\Frimware\LLINE_Battery_64p\Core\Inc\usart.h
2023-10-30 16:13:43,155 [INFO] CodeEngine:255 - oldGeneratedFile, D:\Git\BMS\Frimware\LLINE_Battery_64p\Core\Src\stm32f1xx_it.c_save
2023-10-30 16:13:43,332 [INFO] CodeEngine:279 - Generated code: D:\Git\BMS\Frimware\LLINE_Battery_64p\Core\Src\stm32f1xx_it.c
2023-10-30 16:13:43,337 [INFO] CodeEngine:255 - oldGeneratedFile, D:\Git\BMS\Frimware\LLINE_Battery_64p\Core\Inc\stm32f1xx_it.h_save
2023-10-30 16:13:43,421 [INFO] CodeEngine:279 - Generated code: D:\Git\BMS\Frimware\LLINE_Battery_64p\Core\Inc\stm32f1xx_it.h
2023-10-30 16:13:43,430 [INFO] CodeEngine:255 - oldGeneratedFile, D:\Git\BMS\Frimware\LLINE_Battery_64p\Core\Src\stm32f1xx_hal_msp.c_save
2023-10-30 16:13:43,585 [INFO] CodeEngine:279 - Generated code: D:\Git\BMS\Frimware\LLINE_Battery_64p\Core\Src\stm32f1xx_hal_msp.c
2023-10-30 16:13:43,588 [INFO] CodeEngine:255 - oldGeneratedFile, D:\Git\BMS\Frimware\LLINE_Battery_64p\MXTmpFiles\system.tmp_save
2023-10-30 16:13:43,649 [INFO] CodeEngine:279 - Generated code: D:\Git\BMS\Frimware\LLINE_Battery_64p\MXTmpFiles\system.tmp
2023-10-30 16:13:43,657 [INFO] CodeEngine:311 - oldGeneratedFile, D:\Git\BMS\Frimware\LLINE_Battery_64p\Core\Inc\stm32f1xx_hal_conf.h_save
2023-10-30 16:13:43,760 [INFO] CodeEngine:335 - Generated code: D:\Git\BMS\Frimware\LLINE_Battery_64p\Core\Inc\stm32f1xx_hal_conf.h
2023-10-30 16:13:43,800 [INFO] CodeEngine:255 - oldGeneratedFile, D:\Git\BMS\Frimware\LLINE_Battery_64p\Core\Inc\main.h_save
2023-10-30 16:13:43,930 [INFO] CodeEngine:279 - Generated code: D:\Git\BMS\Frimware\LLINE_Battery_64p\Core\Inc\main.h
2023-10-30 16:13:43,933 [INFO] CodeEngine:255 - oldGeneratedFile, D:\Git\BMS\Frimware\LLINE_Battery_64p\Core\Src\main.c_save
2023-10-30 16:13:44,111 [INFO] CodeEngine:279 - Generated code: D:\Git\BMS\Frimware\LLINE_Battery_64p\Core\Src\main.c
2023-10-30 16:13:44,679 [INFO] ProjectBuilder:3064 - Time for Copy HAL[1] : 157mS.
2023-10-30 16:13:44,684 [INFO] ProjectBuilder:4404 - Project Generator version: 4.1.0
2023-10-30 16:13:45,028 [INFO] ConfigFileManager:1457 - The Die is : DIE410
2023-10-30 16:13:45,053 [INFO] ApiDbMcu:507 - Load IP Config File for FATFS
2023-10-30 16:13:45,097 [INFO] ApiDbMcu:507 - Load IP Config File for FREERTOS
2023-10-30 16:13:45,125 [INFO] ApiDbMcu:507 - Load IP Config File for USB_DEVICE
2023-10-30 16:13:45,981 [INFO] LogOutputStream:77 - [STDOUT_REDIRECT] 
2023-10-30 16:13:48,161 [INFO] ProjectBuilder:4626 - Time for Generating toolchain IDE Files: 3476mS.
2023-10-30 16:13:48,162 [INFO] ProjectBuilder:2935 - Time for Copy CMSIS : 1mS.
2023-10-30 16:13:48,163 [INFO] ProjectBuilder:2935 - Time for Copy CMSIS : 0mS.
2023-10-30 16:13:48,858 [INFO] McuFinderGlobals:76 - Set McuFinderConnectedMode to true
2023-10-30 16:13:49,119 [INFO] ApiDb:448 - Save user favorites file C:\Users\Bae/.stm32cubeide/favorites.mcus.txt: 0 item(s)
2023-10-30 16:13:49,120 [INFO] ApiDb:452 - User favorites MCUs=[]
